#
# There is insufficient memory for the Java Runtime Environment to continue.
# Native memory allocation (malloc) failed to allocate 985136 bytes for Chunk::new
# Possible reasons:
#   The system is out of physical RAM or swap space
#   In 32 bit mode, the process size limit was hit
# Possible solutions:
#   Reduce memory load on the system
#   Increase physical memory or swap space
#   Check if swap backing store is full
#   Use 64 bit Java on a 64 bit OS
#   Decrease Java heap size (-Xmx/-Xms)
#   Decrease number of Java threads
#   Decrease Java thread stack sizes (-Xss)
#   Set larger code cache with -XX:ReservedCodeCacheSize=
# This output file may be truncated or incomplete.
#
#  Out of Memory Error (allocation.cpp:390), pid=2700, tid=0x0000000000000890
#
# JRE version: OpenJDK Runtime Environment (8.0_152-b02) (build 1.8.0_152-release-1024-b02)
# Java VM: OpenJDK 64-Bit Server VM (25.152-b02 mixed mode windows-amd64 compressed oops)
# Failed to write core dump. Minidumps are not enabled by default on client versions of Windows
#

---------------  T H R E A D  ---------------

Current thread (0x0000000018a2b000):  JavaThread "C2 CompilerThread0" daemon [_thread_in_native, id=2192, stack(0x0000000019150000,0x0000000019250000)]

Stack: [0x0000000019150000,0x0000000019250000]
[error occurred during error reporting (printing stack bounds), id 0xc0000005]

Native frames: (J=compiled Java code, j=interpreted, Vv=VM code, C=native code)


Current CompileTask:
C2:  10423 8046       4       com.android.tools.r8.dex.DexFileReader::parseDebugInfo (613 bytes)


---------------  P R O C E S S  ---------------

Java Threads: ( => current thread )
  0x000000001efda000 JavaThread "ForkJoinPool.commonPool-worker-2" daemon [_thread_blocked, id=13404, stack(0x00000000268f0000,0x00000000269f0000)]
  0x000000001efd8800 JavaThread "ForkJoinPool-1-worker-0" daemon [_thread_blocked, id=14808, stack(0x00000000267f0000,0x00000000268f0000)]
  0x00000000204d4000 JavaThread "ForkJoinPool-1-worker-3" daemon [_thread_blocked, id=11600, stack(0x00000000266f0000,0x00000000267f0000)]
  0x000000001f9c0800 JavaThread "ForkJoinPool-1-worker-2" daemon [_thread_blocked, id=15328, stack(0x00000000265f0000,0x00000000266f0000)]
  0x000000001f9c7800 JavaThread "ForkJoinPool-1-worker-1" daemon [_thread_in_vm, id=15324, stack(0x00000000264f0000,0x00000000265f0000)]
  0x000000001f9c6800 JavaThread "ForkJoinPool.commonPool-worker-1" daemon [_thread_blocked, id=8196, stack(0x0000000025e00000,0x0000000025f00000)]
  0x000000001f9c6000 JavaThread "Task worker for ':' Thread 7" [_thread_blocked, id=3600, stack(0x0000000025d00000,0x0000000025e00000)]
  0x000000001f9c2000 JavaThread "Task worker for ':' Thread 6" [_thread_blocked, id=3608, stack(0x0000000025c00000,0x0000000025d00000)]
  0x000000001f9c1800 JavaThread "Task worker for ':' Thread 5" [_thread_blocked, id=7644, stack(0x0000000025880000,0x0000000025980000)]
  0x000000001f9c5000 JavaThread "Task worker for ':' Thread 4" [_thread_blocked, id=4488, stack(0x0000000025780000,0x0000000025880000)]
  0x000000001f9c3000 JavaThread "Task worker for ':' Thread 3" [_thread_blocked, id=2992, stack(0x0000000025540000,0x0000000025640000)]
  0x000000001f9c0000 JavaThread "Task worker for ':' Thread 2" [_thread_blocked, id=11816, stack(0x0000000025440000,0x0000000025540000)]
  0x000000001f9b9000 JavaThread "Task worker for ':'" [_thread_blocked, id=3188, stack(0x0000000025340000,0x0000000025440000)]
  0x000000001f9b8800 JavaThread "Cache worker for Build Output Cleanup Cache (C:\Android\workspace\CardShop\.gradle\buildOutputCleanup)" [_thread_blocked, id=12440, stack(0x0000000023d20000,0x0000000023e20000)]
  0x000000001f9bf000 JavaThread "Cache worker for task history cache (C:\Android\workspace\CardShop\.gradle\4.4\taskHistory)" [_thread_blocked, id=2788, stack(0x00000000233f0000,0x00000000234f0000)]
  0x000000001f9bd800 JavaThread "Cache worker for file content cache (C:\Android\workspace\CardShop\.gradle\4.4\fileContent)" [_thread_blocked, id=14528, stack(0x0000000022ef0000,0x0000000022ff0000)]
  0x000000001f9ba000 JavaThread "Memory manager" [_thread_blocked, id=456, stack(0x0000000022910000,0x0000000022a10000)]
  0x000000001f9bc000 JavaThread "pool-1-thread-1" [_thread_blocked, id=7144, stack(0x0000000022810000,0x0000000022910000)]
  0x000000001f9be800 JavaThread "build operations Thread 8" [_thread_blocked, id=14668, stack(0x0000000022710000,0x0000000022810000)]
  0x000000001f9bd000 JavaThread "build operations Thread 7" [_thread_blocked, id=5884, stack(0x0000000022610000,0x0000000022710000)]
  0x00000000204ce800 JavaThread "build operations Thread 6" [_thread_blocked, id=6984, stack(0x0000000022510000,0x0000000022610000)]
  0x00000000204ce000 JavaThread "build operations Thread 5" [_thread_blocked, id=9724, stack(0x0000000022410000,0x0000000022510000)]
  0x00000000204cd000 JavaThread "build operations Thread 4" [_thread_blocked, id=12268, stack(0x0000000021090000,0x0000000021190000)]
  0x00000000204d1000 JavaThread "build operations Thread 3" [_thread_blocked, id=9688, stack(0x0000000020f90000,0x0000000021090000)]
  0x00000000204d0800 JavaThread "build operations Thread 2" [_thread_blocked, id=1384, stack(0x0000000020c50000,0x0000000020d50000)]
  0x00000000204cf800 JavaThread "build operations" [_thread_blocked, id=4452, stack(0x0000000020b50000,0x0000000020c50000)]
  0x00000000204d3800 JavaThread "Cache worker for Artifact transforms cache (C:\Users\é¹ç¥º\.gradle\caches\transforms-1)" [_thread_blocked, id=2080, stack(0x00000000207d0000,0x00000000208d0000)]
  0x000000001ad65000 JavaThread "Cache worker for file hash cache (C:\Android\workspace\CardShop\.gradle\4.4\fileHashes)" [_thread_blocked, id=13932, stack(0x000000001d0c0000,0x000000001d1c0000)]
  0x000000001acd9000 JavaThread "File lock request listener" [_thread_in_native, id=12536, stack(0x000000001bff0000,0x000000001c0f0000)]
  0x000000001ac3a800 JavaThread "Cache worker for file hash cache (C:\Users\é¹ç¥º\.gradle\caches\4.4\fileHashes)" [_thread_blocked, id=14140, stack(0x000000001bef0000,0x000000001bff0000)]
  0x000000001aa9f000 JavaThread "Stdin handler" [_thread_blocked, id=12252, stack(0x000000001bbf0000,0x000000001bcf0000)]
  0x000000001aaae800 JavaThread "Asynchronous log dispatcher for DefaultDaemonConnection: socket connection from /127.0.0.1:61378 to /127.0.0.1:61379" [_thread_blocked, id=1516, stack(0x000000001b9f0000,0x000000001baf0000)]
  0x000000001aaa1000 JavaThread "Daemon worker" [_thread_blocked, id=10556, stack(0x000000001b8f0000,0x000000001b9f0000)]
  0x000000001a9d1800 JavaThread "Cancel handler" [_thread_blocked, id=7100, stack(0x000000001b7f0000,0x000000001b8f0000)]
  0x0000000019dbe800 JavaThread "Handler for socket connection from /127.0.0.1:61378 to /127.0.0.1:61379" [_thread_in_native, id=11468, stack(0x000000001b4f0000,0x000000001b5f0000)]
  0x0000000019dbb000 JavaThread "Daemon" [_thread_blocked, id=7768, stack(0x000000001b3f0000,0x000000001b4f0000)]
  0x000000001a8d2800 JavaThread "Daemon periodic checks" [_thread_blocked, id=9064, stack(0x000000001b2f0000,0x000000001b3f0000)]
  0x000000001a9fa800 JavaThread "Incoming local TCP Connector on port 61378" [_thread_in_native, id=13564, stack(0x000000001b140000,0x000000001b240000)]
  0x0000000018b0f000 JavaThread "Service Thread" daemon [_thread_blocked, id=9044, stack(0x0000000019550000,0x0000000019650000)]
  0x0000000018a91000 JavaThread "C1 CompilerThread3" daemon [_thread_blocked, id=14592, stack(0x0000000019450000,0x0000000019550000)]
  0x0000000018a88000 JavaThread "C2 CompilerThread2" daemon [_thread_in_native, id=12624, stack(0x0000000019350000,0x0000000019450000)]
  0x0000000018a87000 JavaThread "C2 CompilerThread1" daemon [_thread_in_native, id=11844, stack(0x0000000019250000,0x0000000019350000)]
=>0x0000000018a2b000 JavaThread "C2 CompilerThread0" daemon [_thread_in_native, id=2192, stack(0x0000000019150000,0x0000000019250000)]
  0x0000000018a29800 JavaThread "Attach Listener" daemon [_thread_blocked, id=1716, stack(0x0000000019050000,0x0000000019150000)]
  0x0000000018a80000 JavaThread "Signal Dispatcher" daemon [_thread_blocked, id=14996, stack(0x0000000018f50000,0x0000000019050000)]
  0x0000000002d49000 JavaThread "Finalizer" daemon [_thread_blocked, id=13068, stack(0x0000000018df0000,0x0000000018ef0000)]
  0x0000000002d48000 JavaThread "Reference Handler" daemon [_thread_blocked, id=624, stack(0x00000000188f0000,0x00000000189f0000)]
  0x00000000028cd800 JavaThread "main" [_thread_blocked, id=13636, stack(0x00000000027b0000,0x00000000028b0000)]

Other Threads:
  0x0000000016b07000 VMThread [stack: 0x00000000187f0000,0x00000000188f0000] [id=11056]
  0x0000000018b17800 WatcherThread [stack: 0x0000000019650000,0x0000000019750000] [id=14148]

VM state:not at safepoint (normal execution)

VM Mutex/Monitor currently owned by a thread: None

Heap:
 PSYoungGen      total 222720K, used 38219K [0x00000000e0000000, 0x00000000f0d00000, 0x0000000100000000)
  eden space 202240K, 18% used [0x00000000e0000000,0x00000000e2552d70,0x00000000ec580000)
  from space 20480K, 0% used [0x00000000ee400000,0x00000000ee400000,0x00000000ef800000)
  to   space 31232K, 0% used [0x00000000ec580000,0x00000000ec580000,0x00000000ee400000)
 ParOldGen       total 172032K, used 57397K [0x00000000a0000000, 0x00000000aa800000, 0x00000000e0000000)
  object space 172032K, 33% used [0x00000000a0000000,0x00000000a380d738,0x00000000aa800000)
 Metaspace       used 58173K, capacity 60254K, committed 60376K, reserved 1101824K
  class space    used 7920K, capacity 8400K, committed 8448K, reserved 1048576K

Card table byte_map: [0x0000000012110000,0x0000000012420000] byte_map_base: 0x0000000011c10000

Marking Bits: (ParMarkBitMap*) 0x0000000053104970
 Begin Bits: [0x0000000012e20000, 0x0000000014620000)
 End Bits:   [0x0000000014620000, 0x0000000015e20000)

Polling page: 0x0000000000ee0000

CodeCache: size=245760Kb used=23956Kb max_used=23956Kb free=221803Kb
 bounds [0x0000000002d50000, 0x00000000044d0000, 0x0000000011d50000]
 total_blobs=8044 nmethods=7264 adapters=692
 compilation: enabled

Compilation events (10 events):
Event: 10.416 Thread 0x0000000018a91000 8260       2       com.android.tools.r8.graph.DexEncodedArray::<init> (10 bytes)
Event: 10.416 Thread 0x0000000018a91000 nmethod 8260 0x00000000044c9450 code [0x00000000044c95a0, 0x00000000044c9710]
Event: 10.416 Thread 0x0000000018a91000 8261       2       com.android.tools.r8.dex.DexFileReader$$Lambda$357/191073956::get (8 bytes)
Event: 10.417 Thread 0x0000000018a91000 nmethod 8261 0x00000000044c9790 code [0x00000000044c9900, 0x00000000044c9ae8]
Event: 10.417 Thread 0x0000000018a91000 8262       2       com.android.tools.r8.dex.DexFileReader::parseEncodedArray (12 bytes)
Event: 10.417 Thread 0x0000000018a91000 nmethod 8262 0x00000000044c9c10 code [0x00000000044c9da0, 0x00000000044ca158]
Event: 10.417 Thread 0x0000000018a91000 8263       2       com.android.tools.r8.graph.DexAnnotation::getMemberClassesFromAnnotation (79 bytes)
Event: 10.418 Thread 0x0000000018a91000 nmethod 8263 0x00000000044ca410 code [0x00000000044ca5c0, 0x00000000044caa48]
Event: 10.420 Thread 0x0000000018a91000 8264       2       com.android.tools.r8.graph.DexProto::computeEquals (62 bytes)
Event: 10.420 Thread 0x0000000018a91000 nmethod 8264 0x00000000044caf10 code [0x00000000044cb0a0, 0x00000000044cb468]

GC Heap History (10 events):
Event: 4.836 GC heap before
{Heap before GC invocations=9 (full 2):
 PSYoungGen      total 140800K, used 10220K [0x00000000e0000000, 0x00000000ec780000, 0x0000000100000000)
  eden space 130560K, 0% used [0x00000000e0000000,0x00000000e0000000,0x00000000e7f80000)
  from space 10240K, 99% used [0x00000000e7f80000,0x00000000e897b140,0x00000000e8980000)
  to   space 12800K, 0% used [0x00000000ebb00000,0x00000000ebb00000,0x00000000ec780000)
 ParOldGen       total 56320K, used 10212K [0x00000000a0000000, 0x00000000a3700000, 0x00000000e0000000)
  object space 56320K, 18% used [0x00000000a0000000,0x00000000a09f9218,0x00000000a3700000)
 Metaspace       used 34768K, capacity 35400K, committed 35416K, reserved 1079296K
  class space    used 4781K, capacity 4976K, committed 4992K, reserved 1048576K
Event: 4.921 GC heap after
Heap after GC invocations=9 (full 2):
 PSYoungGen      total 140800K, used 0K [0x00000000e0000000, 0x00000000ec780000, 0x0000000100000000)
  eden space 130560K, 0% used [0x00000000e0000000,0x00000000e0000000,0x00000000e7f80000)
  from space 10240K, 0% used [0x00000000e7f80000,0x00000000e7f80000,0x00000000e8980000)
  to   space 12800K, 0% used [0x00000000ebb00000,0x00000000ebb00000,0x00000000ec780000)
 ParOldGen       total 95744K, used 19344K [0x00000000a0000000, 0x00000000a5d80000, 0x00000000e0000000)
  object space 95744K, 20% used [0x00000000a0000000,0x00000000a12e4220,0x00000000a5d80000)
 Metaspace       used 34768K, capacity 35400K, committed 35416K, reserved 1079296K
  class space    used 4781K, capacity 4976K, committed 4992K, reserved 1048576K
}
Event: 6.303 GC heap before
{Heap before GC invocations=10 (full 2):
 PSYoungGen      total 140800K, used 130560K [0x00000000e0000000, 0x00000000ec780000, 0x0000000100000000)
  eden space 130560K, 100% used [0x00000000e0000000,0x00000000e7f80000,0x00000000e7f80000)
  from space 10240K, 0% used [0x00000000e7f80000,0x00000000e7f80000,0x00000000e8980000)
  to   space 12800K, 0% used [0x00000000ebb00000,0x00000000ebb00000,0x00000000ec780000)
 ParOldGen       total 95744K, used 19344K [0x00000000a0000000, 0x00000000a5d80000, 0x00000000e0000000)
  object space 95744K, 20% used [0x00000000a0000000,0x00000000a12e4220,0x00000000a5d80000)
 Metaspace       used 43123K, capacity 44068K, committed 44376K, reserved 1087488K
  class space    used 5932K, capacity 6211K, committed 6272K, reserved 1048576K
Event: 6.320 GC heap after
Heap after GC invocations=10 (full 2):
 PSYoungGen      total 189440K, used 12785K [0x00000000e0000000, 0x00000000eca80000, 0x0000000100000000)
  eden space 176640K, 0% used [0x00000000e0000000,0x00000000e0000000,0x00000000eac80000)
  from space 12800K, 99% used [0x00000000ebb00000,0x00000000ec77c740,0x00000000ec780000)
  to   space 14848K, 0% used [0x00000000eac80000,0x00000000eac80000,0x00000000ebb00000)
 ParOldGen       total 95744K, used 20891K [0x00000000a0000000, 0x00000000a5d80000, 0x00000000e0000000)
  object space 95744K, 21% used [0x00000000a0000000,0x00000000a1466de0,0x00000000a5d80000)
 Metaspace       used 43123K, capacity 44068K, committed 44376K, reserved 1087488K
  class space    used 5932K, capacity 6211K, committed 6272K, reserved 1048576K
}
Event: 8.077 GC heap before
{Heap before GC invocations=11 (full 2):
 PSYoungGen      total 189440K, used 189425K [0x00000000e0000000, 0x00000000eca80000, 0x0000000100000000)
  eden space 176640K, 100% used [0x00000000e0000000,0x00000000eac80000,0x00000000eac80000)
  from space 12800K, 99% used [0x00000000ebb00000,0x00000000ec77c740,0x00000000ec780000)
  to   space 14848K, 0% used [0x00000000eac80000,0x00000000eac80000,0x00000000ebb00000)
 ParOldGen       total 95744K, used 20891K [0x00000000a0000000, 0x00000000a5d80000, 0x00000000e0000000)
  object space 95744K, 21% used [0x00000000a0000000,0x00000000a1466de0,0x00000000a5d80000)
 Metaspace       used 53082K, capacity 54962K, committed 55128K, reserved 1097728K
  class space    used 7235K, capacity 7686K, committed 7808K, reserved 1048576K
Event: 8.098 GC heap after
Heap after GC invocations=11 (full 2):
 PSYoungGen      total 191488K, used 14830K [0x00000000e0000000, 0x00000000ef800000, 0x0000000100000000)
  eden space 176640K, 0% used [0x00000000e0000000,0x00000000e0000000,0x00000000eac80000)
  from space 14848K, 99% used [0x00000000eac80000,0x00000000ebafba00,0x00000000ebb00000)
  to   space 20480K, 0% used [0x00000000ee400000,0x00000000ee400000,0x00000000ef800000)
 ParOldGen       total 95744K, used 29623K [0x00000000a0000000, 0x00000000a5d80000, 0x00000000e0000000)
  object space 95744K, 30% used [0x00000000a0000000,0x00000000a1cedc88,0x00000000a5d80000)
 Metaspace       used 53082K, capacity 54962K, committed 55128K, reserved 1097728K
  class space    used 7235K, capacity 7686K, committed 7808K, reserved 1048576K
}
Event: 9.959 GC heap before
{Heap before GC invocations=12 (full 2):
 PSYoungGen      total 191488K, used 153423K [0x00000000e0000000, 0x00000000ef800000, 0x0000000100000000)
  eden space 176640K, 78% used [0x00000000e0000000,0x00000000e87582c0,0x00000000eac80000)
  from space 14848K, 99% used [0x00000000eac80000,0x00000000ebafba00,0x00000000ebb00000)
  to   space 20480K, 0% used [0x00000000ee400000,0x00000000ee400000,0x00000000ef800000)
 ParOldGen       total 95744K, used 29623K [0x00000000a0000000, 0x00000000a5d80000, 0x00000000e0000000)
  object space 95744K, 30% used [0x00000000a0000000,0x00000000a1cedc88,0x00000000a5d80000)
 Metaspace       used 56902K, capacity 58822K, committed 58968K, reserved 1099776K
  class space    used 7727K, capacity 8198K, committed 8320K, reserved 1048576K
Event: 9.986 GC heap after
Heap after GC invocations=12 (full 2):
 PSYoungGen      total 222720K, used 20470K [0x00000000e0000000, 0x00000000f0d00000, 0x0000000100000000)
  eden space 202240K, 0% used [0x00000000e0000000,0x00000000e0000000,0x00000000ec580000)
  from space 20480K, 99% used [0x00000000ee400000,0x00000000ef7fd9b0,0x00000000ef800000)
  to   space 31232K, 0% used [0x00000000ec580000,0x00000000ec580000,0x00000000ee400000)
 ParOldGen       total 95744K, used 51954K [0x00000000a0000000, 0x00000000a5d80000, 0x00000000e0000000)
  object space 95744K, 54% used [0x00000000a0000000,0x00000000a32bc968,0x00000000a5d80000)
 Metaspace       used 56902K, capacity 58822K, committed 58968K, reserved 1099776K
  class space    used 7727K, capacity 8198K, committed 8320K, reserved 1048576K
}
Event: 9.986 GC heap before
{Heap before GC invocations=13 (full 3):
 PSYoungGen      total 222720K, used 20470K [0x00000000e0000000, 0x00000000f0d00000, 0x0000000100000000)
  eden space 202240K, 0% used [0x00000000e0000000,0x00000000e0000000,0x00000000ec580000)
  from space 20480K, 99% used [0x00000000ee400000,0x00000000ef7fd9b0,0x00000000ef800000)
  to   space 31232K, 0% used [0x00000000ec580000,0x00000000ec580000,0x00000000ee400000)
 ParOldGen       total 95744K, used 51954K [0x00000000a0000000, 0x00000000a5d80000, 0x00000000e0000000)
  object space 95744K, 54% used [0x00000000a0000000,0x00000000a32bc968,0x00000000a5d80000)
 Metaspace       used 56902K, capacity 58822K, committed 58968K, reserved 1099776K
  class space    used 7727K, capacity 8198K, committed 8320K, reserved 1048576K
Event: 10.167 GC heap after
Heap after GC invocations=13 (full 3):
 PSYoungGen      total 222720K, used 0K [0x00000000e0000000, 0x00000000f0d00000, 0x0000000100000000)
  eden space 202240K, 0% used [0x00000000e0000000,0x00000000e0000000,0x00000000ec580000)
  from space 20480K, 0% used [0x00000000ee400000,0x00000000ee400000,0x00000000ef800000)
  to   space 31232K, 0% used [0x00000000ec580000,0x00000000ec580000,0x00000000ee400000)
 ParOldGen       total 172032K, used 57397K [0x00000000a0000000, 0x00000000aa800000, 0x00000000e0000000)
  object space 172032K, 33% used [0x00000000a0000000,0x00000000a380d738,0x00000000aa800000)
 Metaspace       used 56897K, capacity 58804K, committed 58968K, reserved 1099776K
  class space    used 7725K, capacity 8195K, committed 8320K, reserved 1048576K
}

Deoptimization events (10 events):
Event: 10.202 Thread 0x000000001f9c7800 Uncommon trap: reason=unstable_if action=reinterpret pc=0x000000000401d150 method=java.util.concurrent.ConcurrentLinkedQueue.offer(Ljava/lang/Object;)Z @ 40
Event: 10.210 Thread 0x000000001f9c0800 Uncommon trap: reason=unstable_if action=reinterpret pc=0x00000000043ebf50 method=com.android.tools.r8.it.unimi.dsi.fastutil.ints.Int2ObjectOpenHashMap.get(I)Ljava/lang/Object; @ 1
Event: 10.342 Thread 0x000000001f9c7800 Uncommon trap: reason=unloaded action=reinterpret pc=0x000000000446911c method=com.android.tools.r8.code.BaseInstructionFactory.create(IILcom/android/tools/r8/code/BytecodeStream;Lcom/android/tools/r8/graph/OffsetToObjectMapping;)Lcom/android/tools/r8/cod
Event: 10.372 Thread 0x000000001f9c7800 Uncommon trap: reason=unloaded action=reinterpret pc=0x00000000043efe18 method=com.android.tools.r8.dex.DexFileReader.parseEncodedValue()Lcom/android/tools/r8/graph/DexValue; @ 594
Event: 10.373 Thread 0x000000001f9c7800 Uncommon trap: reason=class_check action=maybe_recompile pc=0x00000000043ee980 method=com.android.tools.r8.dex.DexFileReader$MemberAnnotationIterator.getNextFor(Lcom/android/tools/r8/graph/Descriptor;)Lcom/android/tools/r8/graph/DexItem; @ 25
Event: 10.373 Thread 0x000000001f9c7800 Uncommon trap: reason=class_check action=maybe_recompile pc=0x00000000043ee980 method=com.android.tools.r8.dex.DexFileReader$MemberAnnotationIterator.getNextFor(Lcom/android/tools/r8/graph/Descriptor;)Lcom/android/tools/r8/graph/DexItem; @ 25
Event: 10.373 Thread 0x000000001f9c7800 Uncommon trap: reason=class_check action=maybe_recompile pc=0x00000000043ee980 method=com.android.tools.r8.dex.DexFileReader$MemberAnnotationIterator.getNextFor(Lcom/android/tools/r8/graph/Descriptor;)Lcom/android/tools/r8/graph/DexItem; @ 25
Event: 10.373 Thread 0x000000001f9c7800 Uncommon trap: reason=class_check action=maybe_recompile pc=0x00000000043ee980 method=com.android.tools.r8.dex.DexFileReader$MemberAnnotationIterator.getNextFor(Lcom/android/tools/r8/graph/Descriptor;)Lcom/android/tools/r8/graph/DexItem; @ 25
Event: 10.378 Thread 0x000000001f9c7800 Uncommon trap: reason=unstable_if action=reinterpret pc=0x0000000004389a80 method=com.android.tools.r8.utils.IdentifierUtils.isSimpleNameChar(C)Z @ 51
Event: 10.393 Thread 0x000000001f9c7800 Uncommon trap: reason=unstable_if action=reinterpret pc=0x0000000004395640 method=com.android.tools.r8.utils.IdentifierUtils.isSimpleNameChar(C)Z @ 51

Classes redefined (0 events):
No events

Internal exceptions (10 events):
Event: 8.121 Thread 0x000000001aaa1000 Exception <a 'java/lang/NoSuchMethodError': <clinit>> (0x00000000e0185dd0) thrown at [D:\src\AOSP-openjdk-cygwin\jdk8u\hotspot\src\share\vm\prims\jni.cpp, line 1613]
Event: 8.205 Thread 0x000000001aaa1000 Implicit null exception at 0x000000000334a1a2 to 0x000000000334a6e1
Event: 8.615 Thread 0x000000001aaa1000 Exception <a 'java/lang/NoSuchMethodError': <clinit>> (0x00000000e225a9b0) thrown at [D:\src\AOSP-openjdk-cygwin\jdk8u\hotspot\src\share\vm\prims\jni.cpp, line 1613]
Event: 8.661 Thread 0x000000001f9b9000 Exception <a 'java/lang/NoSuchMethodError': <clinit>> (0x00000000e001a148) thrown at [D:\src\AOSP-openjdk-cygwin\jdk8u\hotspot\src\share\vm\prims\jni.cpp, line 1613]
Event: 8.662 Thread 0x000000001f9b9000 Exception <a 'java/lang/NoSuchMethodError': <clinit>> (0x00000000e0023b88) thrown at [D:\src\AOSP-openjdk-cygwin\jdk8u\hotspot\src\share\vm\prims\jni.cpp, line 1613]
Event: 9.800 Thread 0x000000001f9c6800 Exception <a 'sun/nio/fs/WindowsException'> (0x00000000e5875388) thrown at [D:\src\AOSP-openjdk-cygwin\jdk8u\hotspot\src\share\vm\prims\jni.cpp, line 709]
Event: 10.191 Thread 0x000000001efd8800 Implicit null exception at 0x000000000397a86f to 0x000000000397a961
Event: 10.191 Thread 0x000000001f9c0800 Implicit null exception at 0x000000000397a86f to 0x000000000397a961
Event: 10.191 Thread 0x00000000204d4000 Implicit null exception at 0x000000000397a86f to 0x000000000397a961
Event: 10.191 Thread 0x000000001f9c7800 Implicit null exception at 0x000000000397a86f to 0x000000000397a961

Events (10 events):
Event: 10.373 Thread 0x000000001f9c7800 DEOPT PACKING pc=0x00000000043ee980 sp=0x00000000265ef0a0
Event: 10.373 Thread 0x000000001f9c7800 DEOPT UNPACKING pc=0x0000000002d9557b sp=0x00000000265ef050 mode 2
Event: 10.378 Thread 0x000000001f9c7800 Uncommon trap: trap_request=0xffffff65 fr.pc=0x0000000004389a80
Event: 10.378 Thread 0x000000001f9c7800 DEOPT PACKING pc=0x0000000004389a80 sp=0x00000000265eec80
Event: 10.378 Thread 0x000000001f9c7800 DEOPT UNPACKING pc=0x0000000002d9557b sp=0x00000000265eebc8 mode 2
Event: 10.393 Thread 0x000000001f9c7800 Uncommon trap: trap_request=0xffffff65 fr.pc=0x0000000004395640
Event: 10.393 Thread 0x000000001f9c7800 DEOPT PACKING pc=0x0000000004395640 sp=0x00000000265eec60
Event: 10.393 Thread 0x000000001f9c7800 DEOPT UNPACKING pc=0x0000000002d9557b sp=0x00000000265eebf8 mode 2
Event: 10.394 Thread 0x000000001f9c7800 DEOPT PACKING pc=0x00000000044964b0 sp=0x00000000265eec90
Event: 10.394 Thread 0x000000001f9c7800 DEOPT UNPACKING pc=0x0000000002d975d0 sp=0x00000000265eea00 mode 0


Dynamic libraries:
0x00007ff745500000 - 0x00007ff745531000 	C:\Android\Android Studio\jre\bin\java.exe
0x00007ff9e2d40000 - 0x00007ff9e2f21000 	C:\WINDOWS\SYSTEM32\ntdll.dll
0x00007ff9e28a0000 - 0x00007ff9e2952000 	C:\WINDOWS\System32\KERNEL32.DLL
0x00007ff9df260000 - 0x00007ff9df4d3000 	C:\WINDOWS\System32\KERNELBASE.dll
0x00007ff9e1000000 - 0x00007ff9e10a1000 	C:\WINDOWS\System32\ADVAPI32.dll
0x00007ff9e0530000 - 0x00007ff9e05ce000 	C:\WINDOWS\System32\msvcrt.dll
0x00007ff9e08e0000 - 0x00007ff9e093b000 	C:\WINDOWS\System32\sechost.dll
0x00007ff9e07b0000 - 0x00007ff9e08d4000 	C:\WINDOWS\System32\RPCRT4.dll
0x00007ff9e2560000 - 0x00007ff9e26f0000 	C:\WINDOWS\System32\USER32.dll
0x00007ff9df1c0000 - 0x00007ff9df1e0000 	C:\WINDOWS\System32\win32u.dll
0x00007ff9e2810000 - 0x00007ff9e2838000 	C:\WINDOWS\System32\GDI32.dll
0x00007ff9e0030000 - 0x00007ff9e01c2000 	C:\WINDOWS\System32\gdi32full.dll
0x00007ff9dfe30000 - 0x00007ff9dfecf000 	C:\WINDOWS\System32\msvcp_win.dll
0x00007ff9dfed0000 - 0x00007ff9dffca000 	C:\WINDOWS\System32\ucrtbase.dll
0x00007ff9d31f0000 - 0x00007ff9d3459000 	C:\WINDOWS\WinSxS\amd64_microsoft.windows.common-controls_6595b64144ccf1df_6.0.17134.228_none_fb4599993062b194\COMCTL32.dll
0x00007ff9e01d0000 - 0x00007ff9e04f3000 	C:\WINDOWS\System32\combase.dll
0x00007ff9df1e0000 - 0x00007ff9df25a000 	C:\WINDOWS\System32\bcryptPrimitives.dll
0x00007ff9e0500000 - 0x00007ff9e052d000 	C:\WINDOWS\System32\IMM32.DLL
0x0000000052860000 - 0x0000000052932000 	C:\Android\Android Studio\jre\jre\bin\msvcr100.dll
0x0000000052940000 - 0x000000005317f000 	C:\Android\Android Studio\jre\jre\bin\server\jvm.dll
0x00007ff9e0a10000 - 0x00007ff9e0a18000 	C:\WINDOWS\System32\PSAPI.DLL
0x00007ff9dd290000 - 0x00007ff9dd2b3000 	C:\WINDOWS\SYSTEM32\WINMM.dll
0x00007ff9da530000 - 0x00007ff9da53a000 	C:\WINDOWS\SYSTEM32\VERSION.dll
0x00007ff9cefb0000 - 0x00007ff9cefb9000 	C:\WINDOWS\SYSTEM32\WSOCK32.dll
0x00007ff9e26f0000 - 0x00007ff9e275c000 	C:\WINDOWS\System32\WS2_32.dll
0x00007ff9dd170000 - 0x00007ff9dd19a000 	C:\WINDOWS\SYSTEM32\winmmbase.dll
0x00007ff9dfde0000 - 0x00007ff9dfe29000 	C:\WINDOWS\System32\cfgmgr32.dll
0x00007ff9cf870000 - 0x00007ff9cf87f000 	C:\Android\Android Studio\jre\jre\bin\verify.dll
0x00007ff9c8cf0000 - 0x00007ff9c8d19000 	C:\Android\Android Studio\jre\jre\bin\java.dll
0x00007ff9ca390000 - 0x00007ff9ca3a6000 	C:\Android\Android Studio\jre\jre\bin\zip.dll
0x00007ff9e10b0000 - 0x00007ff9e24f0000 	C:\WINDOWS\System32\SHELL32.dll
0x00007ff9e2760000 - 0x00007ff9e2809000 	C:\WINDOWS\System32\shcore.dll
0x00007ff9df4e0000 - 0x00007ff9dfbed000 	C:\WINDOWS\System32\windows.storage.dll
0x00007ff9e2500000 - 0x00007ff9e2551000 	C:\WINDOWS\System32\shlwapi.dll
0x00007ff9df060000 - 0x00007ff9df071000 	C:\WINDOWS\System32\kernel.appcore.dll
0x00007ff9df0d0000 - 0x00007ff9df0ef000 	C:\WINDOWS\System32\profapi.dll
0x00007ff9df080000 - 0x00007ff9df0cc000 	C:\WINDOWS\System32\powrprof.dll
0x00007ff9df050000 - 0x00007ff9df05a000 	C:\WINDOWS\System32\FLTLIB.DLL
0x00007ff9c8cd0000 - 0x00007ff9c8cea000 	C:\Android\Android Studio\jre\jre\bin\net.dll
0x00007ff9de8d0000 - 0x00007ff9de936000 	C:\WINDOWS\system32\mswsock.dll
0x00007ff9c7da0000 - 0x00007ff9c7db1000 	C:\Android\Android Studio\jre\jre\bin\nio.dll
0x00007ff9cfbe0000 - 0x00007ff9cfbfe000 	C:\Users\Åôì÷\.gradle\native\25\windows-amd64\native-platform.dll
0x00007ff9cf860000 - 0x00007ff9cf86d000 	C:\Android\Android Studio\jre\jre\bin\management.dll
0x00007ff9dea90000 - 0x00007ff9deaa7000 	C:\WINDOWS\SYSTEM32\CRYPTSP.dll
0x00007ff9de4b0000 - 0x00007ff9de4e3000 	C:\WINDOWS\system32\rsaenh.dll
0x00007ff9debb0000 - 0x00007ff9debd5000 	C:\WINDOWS\SYSTEM32\bcrypt.dll
0x00007ff9def80000 - 0x00007ff9defa8000 	C:\WINDOWS\SYSTEM32\USERENV.dll
0x00007ff9dea80000 - 0x00007ff9dea8b000 	C:\WINDOWS\SYSTEM32\CRYPTBASE.dll
0x00007ff9de650000 - 0x00007ff9de688000 	C:\WINDOWS\SYSTEM32\IPHLPAPI.DLL
0x00007ff9e0ba0000 - 0x00007ff9e0ba8000 	C:\WINDOWS\System32\NSI.dll
0x00007ff9da180000 - 0x00007ff9da196000 	C:\WINDOWS\SYSTEM32\dhcpcsvc6.DLL
0x00007ff9d9d30000 - 0x00007ff9d9d4a000 	C:\WINDOWS\SYSTEM32\dhcpcsvc.DLL

VM Arguments:
jvm_args: -Xmx1536m -Dfile.encoding=GBK -Duser.country=CN -Duser.language=zh -Duser.variant 
java_command: org.gradle.launcher.daemon.bootstrap.GradleDaemon 4.4
java_class_path (initial): C:\Android\Android Studio\gradle\gradle-4.4\lib\gradle-launcher-4.4.jar
Launcher Type: SUN_STANDARD

Environment Variables:
JAVA_HOME=C:\Program Files\Java\jdk1.8.0_20
CLASSPATH=.;C:\Program Files\Java\jdk1.8.0_20\lib\dt.jar;C:\Program Files\Java\jdk1.8.0_20\lib\tools.jar;
PATH=C:\Program Files (x86)\Common Files\Oracle\Java\javapath;C:\ProgramData\Oracle\Java\javapath;C:\WINDOWS\system32;C:\WINDOWS;C:\WINDOWS\System32\Wbem;C:\WINDOWS\System32\WindowsPowerShell\v1.0\;C:\Program Files\Java\jdk1.8.0_20\bin;C:\Program Files\Java\jdk1.8.0_20\jre\bin;C:\Program Files\Git\cmd;C:\WINDOWS\System32\OpenSSH\;C:\Program Files (x86)\NVIDIA Corporation\PhysX\Common;C:\Users\Åôì÷\AppData\Local\Microsoft\WindowsApps;
USERNAME=Åôì÷
OS=Windows_NT
PROCESSOR_IDENTIFIER=Intel64 Family 6 Model 60 Stepping 3, GenuineIntel



---------------  S Y S T E M  ---------------

OS: Windows 10.0 , 64 bit Build 17134 (10.0.17134.1)

CPU:total 8 (initial active 8) (4 cores per cpu, 2 threads per core) family 6 model 60 stepping 3, cmov, cx8, fxsr, mmx, sse, sse2, sse3, ssse3, sse4.1, sse4.2, popcnt, avx, avx2, aes, clmul, erms, lzcnt, ht, tsc, tscinvbit, bmi1, bmi2

Memory: 4k page, physical 8312856k(1474488k free), swap 10410008k(5684k free)

vm_info: OpenJDK 64-Bit Server VM (25.152-b02) for windows-amd64 JRE (1.8.0_152-release-1024-b02), built by "builder" with MS VC++ 10.0 (VS2010)

time: Fri Sep 07 18:48:08 2018
elapsed time: 10 seconds (0d 0h 0m 10s)

