#
# There is insufficient memory for the Java Runtime Environment to continue.
# Native memory allocation (malloc) failed to allocate 1723920 bytes for Chunk::new
# Possible reasons:
#   The system is out of physical RAM or swap space
#   In 32 bit mode, the process size limit was hit
# Possible solutions:
#   Reduce memory load on the system
#   Increase physical memory or swap space
#   Check if swap backing store is full
#   Use 64 bit Java on a 64 bit OS
#   Decrease Java heap size (-Xmx/-Xms)
#   Decrease number of Java threads
#   Decrease Java thread stack sizes (-Xss)
#   Set larger code cache with -XX:ReservedCodeCacheSize=
# This output file may be truncated or incomplete.
#
#  Out of Memory Error (allocation.cpp:390), pid=912, tid=0x00000000000000ec
#
# JRE version: OpenJDK Runtime Environment (8.0_152-b02) (build 1.8.0_152-release-1024-b02)
# Java VM: OpenJDK 64-Bit Server VM (25.152-b02 mixed mode windows-amd64 compressed oops)
# Failed to write core dump. Minidumps are not enabled by default on client versions of Windows
#

---------------  T H R E A D  ---------------

Current thread (0x0000000018c40000):  JavaThread "C2 CompilerThread1" daemon [_thread_in_native, id=236, stack(0x0000000019420000,0x0000000019520000)]

Stack: [0x0000000019420000,0x0000000019520000]
[error occurred during error reporting (printing stack bounds), id 0xc0000005]

Native frames: (J=compiled Java code, j=interpreted, Vv=VM code, C=native code)


Current CompileTask:
C2: 736236 9394       4       org.gradle.model.internal.type.ModelType::wrap (219 bytes)


---------------  P R O C E S S  ---------------

Java Threads: ( => current thread )
  0x000000001ed2b000 JavaThread "build operations Thread 8" [_thread_blocked, id=12220, stack(0x00000000276a0000,0x00000000277a0000)]
  0x000000001ed2a000 JavaThread "build operations Thread 7" [_thread_blocked, id=14616, stack(0x00000000275a0000,0x00000000276a0000)]
  0x000000001ed2c800 JavaThread "build operations Thread 6" [_thread_blocked, id=11980, stack(0x00000000274a0000,0x00000000275a0000)]
  0x000000001ed29800 JavaThread "build operations Thread 5" [_thread_blocked, id=12672, stack(0x00000000273a0000,0x00000000274a0000)]
  0x000000001ed2b800 JavaThread "build operations Thread 4" [_thread_blocked, id=15696, stack(0x00000000272a0000,0x00000000273a0000)]
  0x000000001ed28000 JavaThread "build operations Thread 3" [_thread_blocked, id=5628, stack(0x00000000271a0000,0x00000000272a0000)]
  0x000000001ed23800 JavaThread "build operations Thread 2" [_thread_blocked, id=9256, stack(0x00000000270a0000,0x00000000271a0000)]
  0x000000001ed20800 JavaThread "build operations" [_thread_blocked, id=1588, stack(0x0000000026fa0000,0x00000000270a0000)]
  0x000000001ed27000 JavaThread "Cache worker for Artifact transforms cache (C:\Users\é¹ç¥º\.gradle\caches\transforms-1)" [_thread_blocked, id=9612, stack(0x0000000026ea0000,0x0000000026fa0000)]
  0x000000001ed1f800 JavaThread "Cache worker for file hash cache (C:\Android\workspace\CardShop\.gradle\4.4\fileHashes)" [_thread_blocked, id=4944, stack(0x0000000026da0000,0x0000000026ea0000)]
  0x000000001ed26800 JavaThread "Stdin handler" [_thread_blocked, id=15724, stack(0x0000000026ca0000,0x0000000026da0000)]
  0x000000001ed24000 JavaThread "Asynchronous log dispatcher for DefaultDaemonConnection: socket connection from /127.0.0.1:58328 to /127.0.0.1:60248" [_thread_blocked, id=9672, stack(0x0000000026ba0000,0x0000000026ca0000)]
  0x000000001ed1f000 JavaThread "Daemon worker Thread 2" [_thread_in_native, id=12192, stack(0x0000000026aa0000,0x0000000026ba0000)]
  0x000000001ed25800 JavaThread "Cancel handler" [_thread_blocked, id=11708, stack(0x00000000269a0000,0x0000000026aa0000)]
  0x000000001ed22800 JavaThread "Handler for socket connection from /127.0.0.1:58328 to /127.0.0.1:60248" [_thread_in_native, id=10824, stack(0x00000000268a0000,0x00000000269a0000)]
  0x000000001ed25000 JavaThread "Daemon Thread 2" [_thread_blocked, id=4520, stack(0x00000000267a0000,0x00000000268a0000)]
  0x000000001ed22000 JavaThread "Memory manager" [_thread_blocked, id=14520, stack(0x0000000023020000,0x0000000023120000)]
  0x000000001ed1e000 JavaThread "pool-1-thread-1" [_thread_blocked, id=3144, stack(0x0000000022d20000,0x0000000022e20000)]
  0x000000001ab30800 JavaThread "File lock request listener" [_thread_in_native, id=6608, stack(0x000000001c1c0000,0x000000001c2c0000)]
  0x000000001ab33800 JavaThread "Cache worker for file hash cache (C:\Users\é¹ç¥º\.gradle\caches\4.4\fileHashes)" [_thread_blocked, id=10688, stack(0x000000001c0c0000,0x000000001c1c0000)]
  0x000000001a984800 JavaThread "Daemon periodic checks" [_thread_blocked, id=12632, stack(0x000000001b4c0000,0x000000001b5c0000)]
  0x000000001a918000 JavaThread "Incoming local TCP Connector on port 58328" [_thread_in_native, id=16228, stack(0x000000001b310000,0x000000001b410000)]
  0x0000000018cc8000 JavaThread "Service Thread" daemon [_thread_blocked, id=15492, stack(0x0000000019720000,0x0000000019820000)]
  0x0000000018c4a000 JavaThread "C1 CompilerThread3" daemon [_thread_blocked, id=13100, stack(0x0000000019620000,0x0000000019720000)]
  0x0000000018c44000 JavaThread "C2 CompilerThread2" daemon [_thread_in_native, id=4768, stack(0x0000000019520000,0x0000000019620000)]
=>0x0000000018c40000 JavaThread "C2 CompilerThread1" daemon [_thread_in_native, id=236, stack(0x0000000019420000,0x0000000019520000)]
  0x0000000018c39000 JavaThread "C2 CompilerThread0" daemon [_thread_blocked, id=1244, stack(0x0000000019320000,0x0000000019420000)]
  0x0000000018c37800 JavaThread "Attach Listener" daemon [_thread_blocked, id=14992, stack(0x0000000019220000,0x0000000019320000)]
  0x0000000018beb000 JavaThread "Signal Dispatcher" daemon [_thread_blocked, id=3292, stack(0x0000000019120000,0x0000000019220000)]
  0x0000000002ece000 JavaThread "Finalizer" daemon [_thread_blocked, id=360, stack(0x0000000018fb0000,0x00000000190b0000)]
  0x0000000002ec7000 JavaThread "Reference Handler" daemon [_thread_blocked, id=11520, stack(0x0000000018ab0000,0x0000000018bb0000)]
  0x0000000002dbd800 JavaThread "main" [_thread_blocked, id=1568, stack(0x0000000002cb0000,0x0000000002db0000)]

Other Threads:
  0x0000000016cb7000 VMThread [stack: 0x00000000189b0000,0x0000000018ab0000] [id=8892]
  0x0000000018cc8800 WatcherThread [stack: 0x0000000019820000,0x0000000019920000] [id=14580]

VM state:not at safepoint (normal execution)

VM Mutex/Monitor currently owned by a thread: None

Heap:
 PSYoungGen      total 181248K, used 154477K [0x00000000e0000000, 0x00000000eee00000, 0x0000000100000000)
  eden space 165888K, 93% used [0x00000000e0000000,0x00000000e96db628,0x00000000ea200000)
  from space 15360K, 0% used [0x00000000ea200000,0x00000000ea200000,0x00000000eb100000)
  to   space 15360K, 0% used [0x00000000edf00000,0x00000000edf00000,0x00000000eee00000)
 ParOldGen       total 124416K, used 35574K [0x00000000a0000000, 0x00000000a7980000, 0x00000000e0000000)
  object space 124416K, 28% used [0x00000000a0000000,0x00000000a22bd9a0,0x00000000a7980000)
 Metaspace       used 64565K, capacity 66714K, committed 66904K, reserved 1107968K
  class space    used 8479K, capacity 8976K, committed 9088K, reserved 1048576K

Card table byte_map: [0x00000000122a0000,0x00000000125b0000] byte_map_base: 0x0000000011da0000

Marking Bits: (ParMarkBitMap*) 0x0000000053104970
 Begin Bits: [0x0000000012fb0000, 0x00000000147b0000)
 End Bits:   [0x00000000147b0000, 0x0000000015fb0000)

Polling page: 0x0000000001170000

CodeCache: size=245760Kb used=26089Kb max_used=27083Kb free=219670Kb
 bounds [0x0000000002ee0000, 0x0000000004980000, 0x0000000011ee0000]
 total_blobs=8780 nmethods=7987 adapters=705
 compilation: enabled

Compilation events (10 events):
Event: 736.081 Thread 0x0000000018c4a000 nmethod 9522 0x000000000387ba10 code [0x000000000387bb60, 0x000000000387bc70]
Event: 736.084 Thread 0x0000000018c44000 9523       4       org.gradle.internal.event.DefaultListenerManager$ListenerDetails::dispatch (9 bytes)
Event: 736.090 Thread 0x0000000018c44000 nmethod 9523 0x000000000473ba90 code [0x000000000473bc40, 0x000000000473bf80]
Event: 736.092 Thread 0x0000000018c4a000 9524       1       org.gradle.internal.progress.OperationStartEvent::getStartTime (5 bytes)
Event: 736.092 Thread 0x0000000018c4a000 nmethod 9524 0x000000000473b7d0 code [0x000000000473b920, 0x000000000473ba30]
Event: 736.121 Thread 0x0000000018c4a000 9525       1       org.gradle.internal.progress.OperationFinishEvent::getResult (5 bytes)
Event: 736.121 Thread 0x0000000018c4a000 nmethod 9525 0x00000000046e3d10 code [0x00000000046e3e60, 0x00000000046e3f70]
Event: 736.121 Thread 0x0000000018c39000 9526       4       java.io.ObjectOutputStream$BlockDataOutputStream::getUTFLength (124 bytes)
Event: 736.128 Thread 0x0000000018c39000 nmethod 9526 0x00000000032b7fd0 code [0x00000000032b8120, 0x00000000032b85b8]
Event: 736.137 Thread 0x0000000018c44000 9527   !   4       java.io.ObjectOutputStream::writeOrdinaryObject (175 bytes)

GC Heap History (10 events):
Event: 7.990 GC heap before
{Heap before GC invocations=12 (full 2):
 PSYoungGen      total 102912K, used 91136K [0x00000000e0000000, 0x00000000e9d00000, 0x0000000100000000)
  eden space 91136K, 100% used [0x00000000e0000000,0x00000000e5900000,0x00000000e5900000)
  from space 11776K, 0% used [0x00000000e5900000,0x00000000e5900000,0x00000000e6480000)
  to   space 11776K, 0% used [0x00000000e9180000,0x00000000e9180000,0x00000000e9d00000)
 ParOldGen       total 77312K, used 14105K [0x00000000a0000000, 0x00000000a4b80000, 0x00000000e0000000)
  object space 77312K, 18% used [0x00000000a0000000,0x00000000a0dc65d8,0x00000000a4b80000)
 Metaspace       used 40274K, capacity 41106K, committed 41304K, reserved 1085440K
  class space    used 5480K, capacity 5712K, committed 5760K, reserved 1048576K
Event: 7.998 GC heap after
Heap after GC invocations=12 (full 2):
 PSYoungGen      total 135680K, used 9849K [0x00000000e0000000, 0x00000000e9b80000, 0x0000000100000000)
  eden space 125440K, 0% used [0x00000000e0000000,0x00000000e0000000,0x00000000e7a80000)
  from space 10240K, 96% used [0x00000000e9180000,0x00000000e9b1e768,0x00000000e9b80000)
  to   space 12288K, 0% used [0x00000000e8380000,0x00000000e8380000,0x00000000e8f80000)
 ParOldGen       total 77312K, used 14113K [0x00000000a0000000, 0x00000000a4b80000, 0x00000000e0000000)
  object space 77312K, 18% used [0x00000000a0000000,0x00000000a0dc85d8,0x00000000a4b80000)
 Metaspace       used 40274K, capacity 41106K, committed 41304K, reserved 1085440K
  class space    used 5480K, capacity 5712K, committed 5760K, reserved 1048576K
}
Event: 9.207 GC heap before
{Heap before GC invocations=13 (full 2):
 PSYoungGen      total 135680K, used 135289K [0x00000000e0000000, 0x00000000e9b80000, 0x0000000100000000)
  eden space 125440K, 100% used [0x00000000e0000000,0x00000000e7a80000,0x00000000e7a80000)
  from space 10240K, 96% used [0x00000000e9180000,0x00000000e9b1e768,0x00000000e9b80000)
  to   space 12288K, 0% used [0x00000000e8380000,0x00000000e8380000,0x00000000e8f80000)
 ParOldGen       total 77312K, used 14113K [0x00000000a0000000, 0x00000000a4b80000, 0x00000000e0000000)
  object space 77312K, 18% used [0x00000000a0000000,0x00000000a0dc85d8,0x00000000a4b80000)
 Metaspace       used 46604K, capacity 47572K, committed 47832K, reserved 1091584K
  class space    used 6294K, capacity 6591K, committed 6656K, reserved 1048576K
Event: 9.218 GC heap after
Heap after GC invocations=13 (full 2):
 PSYoungGen      total 146944K, used 8788K [0x00000000e0000000, 0x00000000ebd00000, 0x0000000100000000)
  eden space 134656K, 0% used [0x00000000e0000000,0x00000000e0000000,0x00000000e8380000)
  from space 12288K, 71% used [0x00000000e8380000,0x00000000e8c15178,0x00000000e8f80000)
  to   space 12288K, 0% used [0x00000000eb100000,0x00000000eb100000,0x00000000ebd00000)
 ParOldGen       total 77312K, used 20332K [0x00000000a0000000, 0x00000000a4b80000, 0x00000000e0000000)
  object space 77312K, 26% used [0x00000000a0000000,0x00000000a13db070,0x00000000a4b80000)
 Metaspace       used 46604K, capacity 47572K, committed 47832K, reserved 1091584K
  class space    used 6294K, capacity 6591K, committed 6656K, reserved 1048576K
}
Event: 11.290 GC heap before
{Heap before GC invocations=14 (full 2):
 PSYoungGen      total 146944K, used 143444K [0x00000000e0000000, 0x00000000ebd00000, 0x0000000100000000)
  eden space 134656K, 100% used [0x00000000e0000000,0x00000000e8380000,0x00000000e8380000)
  from space 12288K, 71% used [0x00000000e8380000,0x00000000e8c15178,0x00000000e8f80000)
  to   space 12288K, 0% used [0x00000000eb100000,0x00000000eb100000,0x00000000ebd00000)
 ParOldGen       total 77312K, used 20332K [0x00000000a0000000, 0x00000000a4b80000, 0x00000000e0000000)
  object space 77312K, 26% used [0x00000000a0000000,0x00000000a13db070,0x00000000a4b80000)
 Metaspace       used 54185K, capacity 56072K, committed 56280K, reserved 1097728K
  class space    used 7376K, capacity 7831K, committed 7936K, reserved 1048576K
Event: 11.307 GC heap after
Heap after GC invocations=14 (full 2):
 PSYoungGen      total 178176K, used 12274K [0x00000000e0000000, 0x00000000ecb80000, 0x0000000100000000)
  eden space 165888K, 0% used [0x00000000e0000000,0x00000000e0000000,0x00000000ea200000)
  from space 12288K, 99% used [0x00000000eb100000,0x00000000ebcfcb08,0x00000000ebd00000)
  to   space 15360K, 0% used [0x00000000ea200000,0x00000000ea200000,0x00000000eb100000)
 ParOldGen       total 77312K, used 25281K [0x00000000a0000000, 0x00000000a4b80000, 0x00000000e0000000)
  object space 77312K, 32% used [0x00000000a0000000,0x00000000a18b0548,0x00000000a4b80000)
 Metaspace       used 54185K, capacity 56072K, committed 56280K, reserved 1097728K
  class space    used 7376K, capacity 7831K, committed 7936K, reserved 1048576K
}
Event: 15.529 GC heap before
{Heap before GC invocations=15 (full 2):
 PSYoungGen      total 178176K, used 88064K [0x00000000e0000000, 0x00000000ecb80000, 0x0000000100000000)
  eden space 165888K, 45% used [0x00000000e0000000,0x00000000e4a035d8,0x00000000ea200000)
  from space 12288K, 99% used [0x00000000eb100000,0x00000000ebcfcb08,0x00000000ebd00000)
  to   space 15360K, 0% used [0x00000000ea200000,0x00000000ea200000,0x00000000eb100000)
 ParOldGen       total 77312K, used 25281K [0x00000000a0000000, 0x00000000a4b80000, 0x00000000e0000000)
  object space 77312K, 32% used [0x00000000a0000000,0x00000000a18b0548,0x00000000a4b80000)
 Metaspace       used 56992K, capacity 58954K, committed 59028K, reserved 1099776K
  class space    used 7686K, capacity 8118K, committed 8192K, reserved 1048576K
Event: 15.545 GC heap after
Heap after GC invocations=15 (full 2):
 PSYoungGen      total 181248K, used 4356K [0x00000000e0000000, 0x00000000eee00000, 0x0000000100000000)
  eden space 165888K, 0% used [0x00000000e0000000,0x00000000e0000000,0x00000000ea200000)
  from space 15360K, 28% used [0x00000000ea200000,0x00000000ea641330,0x00000000eb100000)
  to   space 15360K, 0% used [0x00000000edf00000,0x00000000edf00000,0x00000000eee00000)
 ParOldGen       total 77312K, used 34399K [0x00000000a0000000, 0x00000000a4b80000, 0x00000000e0000000)
  object space 77312K, 44% used [0x00000000a0000000,0x00000000a2197de0,0x00000000a4b80000)
 Metaspace       used 56992K, capacity 58954K, committed 59028K, reserved 1099776K
  class space    used 7686K, capacity 8118K, committed 8192K, reserved 1048576K
}
Event: 15.545 GC heap before
{Heap before GC invocations=16 (full 3):
 PSYoungGen      total 181248K, used 4356K [0x00000000e0000000, 0x00000000eee00000, 0x0000000100000000)
  eden space 165888K, 0% used [0x00000000e0000000,0x00000000e0000000,0x00000000ea200000)
  from space 15360K, 28% used [0x00000000ea200000,0x00000000ea641330,0x00000000eb100000)
  to   space 15360K, 0% used [0x00000000edf00000,0x00000000edf00000,0x00000000eee00000)
 ParOldGen       total 77312K, used 34399K [0x00000000a0000000, 0x00000000a4b80000, 0x00000000e0000000)
  object space 77312K, 44% used [0x00000000a0000000,0x00000000a2197de0,0x00000000a4b80000)
 Metaspace       used 56992K, capacity 58954K, committed 59028K, reserved 1099776K
  class space    used 7686K, capacity 8118K, committed 8192K, reserved 1048576K
Event: 15.853 GC heap after
Heap after GC invocations=16 (full 3):
 PSYoungGen      total 181248K, used 0K [0x00000000e0000000, 0x00000000eee00000, 0x0000000100000000)
  eden space 165888K, 0% used [0x00000000e0000000,0x00000000e0000000,0x00000000ea200000)
  from space 15360K, 0% used [0x00000000ea200000,0x00000000ea200000,0x00000000eb100000)
  to   space 15360K, 0% used [0x00000000edf00000,0x00000000edf00000,0x00000000eee00000)
 ParOldGen       total 124416K, used 35574K [0x00000000a0000000, 0x00000000a7980000, 0x00000000e0000000)
  object space 124416K, 28% used [0x00000000a0000000,0x00000000a22bd9a0,0x00000000a7980000)
 Metaspace       used 56992K, capacity 58954K, committed 59028K, reserved 1099776K
  class space    used 7686K, capacity 8118K, committed 8192K, reserved 1048576K
}

Deoptimization events (10 events):
Event: 735.358 Thread 0x000000001ed22800 Uncommon trap: reason=class_check action=maybe_recompile pc=0x00000000044a2460 method=java.lang.reflect.Array.newInstance(Ljava/lang/Class;I)Ljava/lang/Object; @ 2
Event: 735.361 Thread 0x000000001ed22800 Uncommon trap: reason=class_check action=maybe_recompile pc=0x00000000044a2460 method=java.lang.reflect.Array.newInstance(Ljava/lang/Class;I)Ljava/lang/Object; @ 2
Event: 735.364 Thread 0x000000001ed22800 Uncommon trap: reason=bimorphic action=maybe_recompile pc=0x0000000004588de8 method=com.esotericsoftware.kryo.io.Input.fill([BII)I @ 16
Event: 735.395 Thread 0x000000001ed1f000 Uncommon trap: reason=null_check action=make_not_entrant pc=0x0000000004574988 method=org.gradle.internal.serialize.DefaultSerializerRegistry$TaggedTypeSerializer.map(Ljava/lang/Class;)Lorg/gradle/internal/serialize/DefaultSerializerRegistry$TypeInfo; @ 1
Event: 735.395 Thread 0x000000001ed1f000 Uncommon trap: reason=unstable_if action=reinterpret pc=0x0000000002fed634 method=java.io.ObjectOutputStream$BlockDataOutputStream.getUTFLength(Ljava/lang/String;)J @ 73
Event: 735.397 Thread 0x000000001ed1f000 Uncommon trap: reason=bimorphic action=maybe_recompile pc=0x000000000453b3bc method=com.google.common.collect.Sets$3.iterator()Ljava/util/Iterator; @ 4
Event: 735.398 Thread 0x000000001ed1f000 Uncommon trap: reason=bimorphic action=maybe_recompile pc=0x000000000453b3bc method=com.google.common.collect.Sets$3.iterator()Ljava/util/Iterator; @ 4
Event: 735.440 Thread 0x000000001ed22800 Uncommon trap: reason=bimorphic action=maybe_recompile pc=0x0000000004588de8 method=com.esotericsoftware.kryo.io.Input.fill([BII)I @ 16
Event: 735.513 Thread 0x000000001ed1f000 Uncommon trap: reason=predicate action=maybe_recompile pc=0x0000000004597a24 method=com.google.common.collect.ImmutableSet.construct(I[Ljava/lang/Object;)Lcom/google/common/collect/ImmutableSet; @ 71
Event: 735.867 Thread 0x000000001ed1f000 Uncommon trap: reason=unstable_if action=reinterpret pc=0x0000000004332c50 method=java.util.LinkedList.remove(Ljava/lang/Object;)Z @ 45

Classes redefined (0 events):
No events

Internal exceptions (10 events):
Event: 19.840 Thread 0x000000001a99f800 Exception <a 'java/lang/NoSuchMethodError': <clinit>> (0x00000000e81680a8) thrown at [D:\src\AOSP-openjdk-cygwin\jdk8u\hotspot\src\share\vm\prims\jni.cpp, line 1613]
Event: 19.843 Thread 0x000000001a99f800 Exception <a 'java/lang/NoSuchMethodError': <clinit>> (0x00000000e81911d8) thrown at [D:\src\AOSP-openjdk-cygwin\jdk8u\hotspot\src\share\vm\prims\jni.cpp, line 1613]
Event: 19.845 Thread 0x000000001a99f800 Exception <a 'java/lang/NoSuchMethodError': <clinit>> (0x00000000e81a7d98) thrown at [D:\src\AOSP-openjdk-cygwin\jdk8u\hotspot\src\share\vm\prims\jni.cpp, line 1613]
Event: 19.902 Thread 0x000000001a9a0000 Exception <a 'java/lang/NoSuchMethodError': <clinit>> (0x00000000e8350778) thrown at [D:\src\AOSP-openjdk-cygwin\jdk8u\hotspot\src\share\vm\prims\jni.cpp, line 1613]
Event: 606.654 Thread 0x000000001ed1e000 Exception <a 'sun/nio/fs/WindowsException'> (0x00000000e7cd44e0) thrown at [D:\src\AOSP-openjdk-cygwin\jdk8u\hotspot\src\share\vm\prims\jni.cpp, line 709]
Event: 735.524 Thread 0x000000001ed1f000 Exception <a 'java/lang/NoSuchMethodError': <clinit>> (0x00000000e8e153a0) thrown at [D:\src\AOSP-openjdk-cygwin\jdk8u\hotspot\src\share\vm\prims\jni.cpp, line 1613]
Event: 735.553 Thread 0x000000001ed1f000 Exception <a 'java/lang/NoSuchMethodError': <clinit>> (0x00000000e8e5e9b8) thrown at [D:\src\AOSP-openjdk-cygwin\jdk8u\hotspot\src\share\vm\prims\jni.cpp, line 1613]
Event: 735.574 Thread 0x000000001ed1f000 Exception <a 'java/lang/NoSuchMethodError': <clinit>> (0x00000000e8ed6590) thrown at [D:\src\AOSP-openjdk-cygwin\jdk8u\hotspot\src\share\vm\prims\jni.cpp, line 1613]
Event: 735.575 Thread 0x000000001ed1f000 Exception <a 'java/lang/NoSuchMethodError': <clinit>> (0x00000000e8eda1e8) thrown at [D:\src\AOSP-openjdk-cygwin\jdk8u\hotspot\src\share\vm\prims\jni.cpp, line 1613]
Event: 735.576 Thread 0x000000001ed1f000 Exception <a 'java/lang/NoSuchMethodError': <clinit>> (0x00000000e8edbcf0) thrown at [D:\src\AOSP-openjdk-cygwin\jdk8u\hotspot\src\share\vm\prims\jni.cpp, line 1613]

Events (10 events):
Event: 736.019 Thread 0x000000001ed2a000 Thread added: 0x000000001ed2a000
Event: 736.019 Thread 0x000000001ed2b000 Thread added: 0x000000001ed2b000
Event: 736.022 Executing VM operation: RevokeBias
Event: 736.039 Executing VM operation: RevokeBias done
Event: 736.042 Executing VM operation: RevokeBias
Event: 736.042 Executing VM operation: RevokeBias done
Event: 736.042 Executing VM operation: RevokeBias
Event: 736.043 Executing VM operation: RevokeBias done
Event: 736.043 Executing VM operation: RevokeBias
Event: 736.043 Executing VM operation: RevokeBias done


Dynamic libraries:
0x00007ff636c80000 - 0x00007ff636cb1000 	C:\Android\Android Studio\jre\bin\java.exe
0x00007ff9e2d40000 - 0x00007ff9e2f21000 	C:\WINDOWS\SYSTEM32\ntdll.dll
0x00007ff9e28a0000 - 0x00007ff9e2952000 	C:\WINDOWS\System32\KERNEL32.DLL
0x00007ff9df260000 - 0x00007ff9df4d3000 	C:\WINDOWS\System32\KERNELBASE.dll
0x00007ff9e1000000 - 0x00007ff9e10a1000 	C:\WINDOWS\System32\ADVAPI32.dll
0x00007ff9e0530000 - 0x00007ff9e05ce000 	C:\WINDOWS\System32\msvcrt.dll
0x00007ff9e08e0000 - 0x00007ff9e093b000 	C:\WINDOWS\System32\sechost.dll
0x00007ff9e07b0000 - 0x00007ff9e08d4000 	C:\WINDOWS\System32\RPCRT4.dll
0x00007ff9e2560000 - 0x00007ff9e26f0000 	C:\WINDOWS\System32\USER32.dll
0x00007ff9df1c0000 - 0x00007ff9df1e0000 	C:\WINDOWS\System32\win32u.dll
0x00007ff9e2810000 - 0x00007ff9e2838000 	C:\WINDOWS\System32\GDI32.dll
0x00007ff9e0030000 - 0x00007ff9e01c2000 	C:\WINDOWS\System32\gdi32full.dll
0x00007ff9dfe30000 - 0x00007ff9dfecf000 	C:\WINDOWS\System32\msvcp_win.dll
0x00007ff9dfed0000 - 0x00007ff9dffca000 	C:\WINDOWS\System32\ucrtbase.dll
0x00007ff9d31f0000 - 0x00007ff9d3459000 	C:\WINDOWS\WinSxS\amd64_microsoft.windows.common-controls_6595b64144ccf1df_6.0.17134.228_none_fb4599993062b194\COMCTL32.dll
0x00007ff9e01d0000 - 0x00007ff9e04f3000 	C:\WINDOWS\System32\combase.dll
0x00007ff9df1e0000 - 0x00007ff9df25a000 	C:\WINDOWS\System32\bcryptPrimitives.dll
0x00007ff9e0500000 - 0x00007ff9e052d000 	C:\WINDOWS\System32\IMM32.DLL
0x00000000501c0000 - 0x0000000050292000 	C:\Android\Android Studio\jre\jre\bin\msvcr100.dll
0x0000000052940000 - 0x000000005317f000 	C:\Android\Android Studio\jre\jre\bin\server\jvm.dll
0x00007ff9e0a10000 - 0x00007ff9e0a18000 	C:\WINDOWS\System32\PSAPI.DLL
0x00007ff9cefb0000 - 0x00007ff9cefb9000 	C:\WINDOWS\SYSTEM32\WSOCK32.dll
0x00007ff9da530000 - 0x00007ff9da53a000 	C:\WINDOWS\SYSTEM32\VERSION.dll
0x00007ff9dd290000 - 0x00007ff9dd2b3000 	C:\WINDOWS\SYSTEM32\WINMM.dll
0x00007ff9e26f0000 - 0x00007ff9e275c000 	C:\WINDOWS\System32\WS2_32.dll
0x00007ff9dd170000 - 0x00007ff9dd19a000 	C:\WINDOWS\SYSTEM32\winmmbase.dll
0x00007ff9dfde0000 - 0x00007ff9dfe29000 	C:\WINDOWS\System32\cfgmgr32.dll
0x00007ff9dd060000 - 0x00007ff9dd06f000 	C:\Android\Android Studio\jre\jre\bin\verify.dll
0x00007ff9cf550000 - 0x00007ff9cf579000 	C:\Android\Android Studio\jre\jre\bin\java.dll
0x00007ff9db450000 - 0x00007ff9db466000 	C:\Android\Android Studio\jre\jre\bin\zip.dll
0x00007ff9e10b0000 - 0x00007ff9e24f0000 	C:\WINDOWS\System32\SHELL32.dll
0x00007ff9e2760000 - 0x00007ff9e2809000 	C:\WINDOWS\System32\shcore.dll
0x00007ff9df4e0000 - 0x00007ff9dfbed000 	C:\WINDOWS\System32\windows.storage.dll
0x00007ff9e2500000 - 0x00007ff9e2551000 	C:\WINDOWS\System32\shlwapi.dll
0x00007ff9df060000 - 0x00007ff9df071000 	C:\WINDOWS\System32\kernel.appcore.dll
0x00007ff9df0d0000 - 0x00007ff9df0ef000 	C:\WINDOWS\System32\profapi.dll
0x00007ff9df080000 - 0x00007ff9df0cc000 	C:\WINDOWS\System32\powrprof.dll
0x00007ff9df050000 - 0x00007ff9df05a000 	C:\WINDOWS\System32\FLTLIB.DLL
0x00007ff9dac40000 - 0x00007ff9dac5a000 	C:\Android\Android Studio\jre\jre\bin\net.dll
0x00007ff9de8d0000 - 0x00007ff9de936000 	C:\WINDOWS\system32\mswsock.dll
0x00007ff9d9fd0000 - 0x00007ff9d9fe1000 	C:\Android\Android Studio\jre\jre\bin\nio.dll
0x00007ff9cad40000 - 0x00007ff9cad5e000 	C:\Users\Åôì÷\.gradle\native\25\windows-amd64\native-platform.dll
0x00007ff9dcf90000 - 0x00007ff9dcf9d000 	C:\Android\Android Studio\jre\jre\bin\management.dll
0x00007ff9dea90000 - 0x00007ff9deaa7000 	C:\WINDOWS\SYSTEM32\CRYPTSP.dll
0x00007ff9de4b0000 - 0x00007ff9de4e3000 	C:\WINDOWS\system32\rsaenh.dll
0x00007ff9debb0000 - 0x00007ff9debd5000 	C:\WINDOWS\SYSTEM32\bcrypt.dll
0x00007ff9def80000 - 0x00007ff9defa8000 	C:\WINDOWS\SYSTEM32\USERENV.dll
0x00007ff9dea80000 - 0x00007ff9dea8b000 	C:\WINDOWS\SYSTEM32\CRYPTBASE.dll
0x00007ff9de650000 - 0x00007ff9de688000 	C:\WINDOWS\SYSTEM32\IPHLPAPI.DLL
0x00007ff9e0ba0000 - 0x00007ff9e0ba8000 	C:\WINDOWS\System32\NSI.dll
0x00007ff9da180000 - 0x00007ff9da196000 	C:\WINDOWS\SYSTEM32\dhcpcsvc6.DLL
0x00007ff9d9d30000 - 0x00007ff9d9d4a000 	C:\WINDOWS\SYSTEM32\dhcpcsvc.DLL

VM Arguments:
jvm_args: -Xmx1536m -Dfile.encoding=GBK -Duser.country=CN -Duser.language=zh -Duser.variant 
java_command: org.gradle.launcher.daemon.bootstrap.GradleDaemon 4.4
java_class_path (initial): C:\Android\Android Studio\gradle\gradle-4.4\lib\gradle-launcher-4.4.jar
Launcher Type: SUN_STANDARD

Environment Variables:
JAVA_HOME=C:\Program Files\Java\jdk1.8.0_20
CLASSPATH=.;C:\Program Files\Java\jdk1.8.0_20\lib\dt.jar;C:\Program Files\Java\jdk1.8.0_20\lib\tools.jar;
PATH=C:\Program Files (x86)\Common Files\Oracle\Java\javapath;C:\ProgramData\Oracle\Java\javapath;C:\WINDOWS\system32;C:\WINDOWS;C:\WINDOWS\System32\Wbem;C:\WINDOWS\System32\WindowsPowerShell\v1.0\;C:\Program Files\Java\jdk1.8.0_20\bin;C:\Program Files\Java\jdk1.8.0_20\jre\bin;C:\Program Files\Git\cmd;C:\WINDOWS\System32\OpenSSH\;C:\Program Files (x86)\NVIDIA Corporation\PhysX\Common;C:\Users\Åôì÷\AppData\Local\Microsoft\WindowsApps;
USERNAME=Åôì÷
OS=Windows_NT
PROCESSOR_IDENTIFIER=Intel64 Family 6 Model 60 Stepping 3, GenuineIntel



---------------  S Y S T E M  ---------------

OS: Windows 10.0 , 64 bit Build 17134 (10.0.17134.1)

CPU:total 8 (initial active 8) (4 cores per cpu, 2 threads per core) family 6 model 60 stepping 3, cmov, cx8, fxsr, mmx, sse, sse2, sse3, ssse3, sse4.1, sse4.2, popcnt, avx, avx2, aes, clmul, erms, lzcnt, ht, tsc, tscinvbit, bmi1, bmi2

Memory: 4k page, physical 8312856k(1206908k free), swap 10410008k(8340k free)

vm_info: OpenJDK 64-Bit Server VM (25.152-b02) for windows-amd64 JRE (1.8.0_152-release-1024-b02), built by "builder" with MS VC++ 10.0 (VS2010)

time: Sun Sep 09 16:42:21 2018
elapsed time: 736 seconds (0d 0h 12m 16s)

