#
# There is insufficient memory for the Java Runtime Environment to continue.
# Native memory allocation (malloc) failed to allocate 1415936 bytes for Chunk::new
# Possible reasons:
#   The system is out of physical RAM or swap space
#   In 32 bit mode, the process size limit was hit
# Possible solutions:
#   Reduce memory load on the system
#   Increase physical memory or swap space
#   Check if swap backing store is full
#   Use 64 bit Java on a 64 bit OS
#   Decrease Java heap size (-Xmx/-Xms)
#   Decrease number of Java threads
#   Decrease Java thread stack sizes (-Xss)
#   Set larger code cache with -XX:ReservedCodeCacheSize=
# This output file may be truncated or incomplete.
#
#  Out of Memory Error (allocation.cpp:390), pid=12516, tid=0x000000000000246c
#
# JRE version: OpenJDK Runtime Environment (8.0_152-b02) (build 1.8.0_152-release-1024-b02)
# Java VM: OpenJDK 64-Bit Server VM (25.152-b02 mixed mode windows-amd64 compressed oops)
# Failed to write core dump. Minidumps are not enabled by default on client versions of Windows
#

---------------  T H R E A D  ---------------

Current thread (0x0000000018bbf000):  JavaThread "C2 CompilerThread0" daemon [_thread_in_native, id=9324, stack(0x0000000019230000,0x0000000019330000)]

Stack: [0x0000000019230000,0x0000000019330000]
[error occurred during error reporting (printing stack bounds), id 0xc0000005]

Native frames: (J=compiled Java code, j=interpreted, Vv=VM code, C=native code)


Current CompileTask:
C2:3730580 23133       4       com.android.tools.r8.ir.code.Phi::removeTrivialPhi (304 bytes)


---------------  P R O C E S S  ---------------

Java Threads: ( => current thread )
  0x0000000024cc3000 JavaThread "ForkJoinPool.commonPool-worker-0" daemon [_thread_blocked, id=5584, stack(0x0000000036c50000,0x0000000036d50000)]
  0x000000001a9c2800 JavaThread "ForkJoinPool.commonPool-worker-7" daemon [_thread_blocked, id=1616, stack(0x0000000036950000,0x0000000036a50000)]
  0x000000001a9bf800 JavaThread "ForkJoinPool.commonPool-worker-6" daemon [_thread_blocked, id=14656, stack(0x0000000036450000,0x0000000036550000)]
  0x000000001a9c5000 JavaThread "ForkJoinPool.commonPool-worker-5" daemon [_thread_blocked, id=10328, stack(0x0000000036350000,0x0000000036450000)]
  0x0000000021716000 JavaThread "ForkJoinPool.commonPool-worker-4" daemon [_thread_blocked, id=14044, stack(0x0000000036250000,0x0000000036350000)]
  0x0000000021715800 JavaThread "ForkJoinPool.commonPool-worker-3" daemon [_thread_blocked, id=2492, stack(0x0000000036150000,0x0000000036250000)]
  0x0000000021714800 JavaThread "ForkJoinPool.commonPool-worker-2" daemon [_thread_blocked, id=5036, stack(0x0000000036050000,0x0000000036150000)]
  0x000000002170a000 JavaThread "Cache worker for Java compile cache (C:\Android\workspace\CardShop\.gradle\4.4\javaCompile)" [_thread_blocked, id=11012, stack(0x0000000035f50000,0x0000000036050000)]
  0x0000000021710000 JavaThread "Task worker for ':' Thread 7" [_thread_in_native, id=10460, stack(0x0000000035850000,0x0000000035950000)]
  0x000000002170f800 JavaThread "Task worker for ':' Thread 6" [_thread_blocked, id=14668, stack(0x0000000035750000,0x0000000035850000)]
  0x0000000021708000 JavaThread "Task worker for ':' Thread 5" [_thread_blocked, id=5352, stack(0x0000000035650000,0x0000000035750000)]
  0x000000002170d000 JavaThread "Task worker for ':' Thread 4" [_thread_blocked, id=11700, stack(0x0000000035550000,0x0000000035650000)]
  0x000000001d616000 JavaThread "Task worker for ':' Thread 3" [_thread_blocked, id=13732, stack(0x0000000035450000,0x0000000035550000)]
  0x000000001d615000 JavaThread "Task worker for ':' Thread 2" [_thread_blocked, id=9692, stack(0x0000000035350000,0x0000000035450000)]
  0x000000001d61a800 JavaThread "Task worker for ':'" [_thread_blocked, id=6524, stack(0x0000000035250000,0x0000000035350000)]
  0x000000001d619000 JavaThread "Cache worker for Build Output Cleanup Cache (C:\Android\workspace\CardShop\.gradle\buildOutputCleanup)" [_thread_blocked, id=14692, stack(0x0000000035150000,0x0000000035250000)]
  0x000000001d60c000 JavaThread "Cache worker for task history cache (C:\Android\workspace\CardShop\.gradle\4.4\taskHistory)" [_thread_blocked, id=14540, stack(0x0000000035050000,0x0000000035150000)]
  0x000000001d613000 JavaThread "Cache worker for file content cache (C:\Android\workspace\CardShop\.gradle\4.4\fileContent)" [_thread_blocked, id=13920, stack(0x0000000034f50000,0x0000000035050000)]
  0x000000001d614800 JavaThread "build operations Thread 8" [_thread_blocked, id=2488, stack(0x0000000034e50000,0x0000000034f50000)]
  0x000000001d617000 JavaThread "build operations Thread 7" [_thread_blocked, id=15320, stack(0x0000000034d50000,0x0000000034e50000)]
  0x000000001d618800 JavaThread "build operations Thread 6" [_thread_blocked, id=6208, stack(0x0000000034c50000,0x0000000034d50000)]
  0x000000001d617800 JavaThread "build operations Thread 5" [_thread_blocked, id=13820, stack(0x0000000034b50000,0x0000000034c50000)]
  0x000000001d60f000 JavaThread "build operations Thread 4" [_thread_blocked, id=4212, stack(0x0000000034a50000,0x0000000034b50000)]
  0x000000001d610000 JavaThread "build operations Thread 3" [_thread_blocked, id=12268, stack(0x0000000034950000,0x0000000034a50000)]
  0x000000001d60d000 JavaThread "build operations Thread 2" [_thread_blocked, id=1300, stack(0x0000000034850000,0x0000000034950000)]
  0x0000000020934000 JavaThread "build operations" [_thread_blocked, id=13128, stack(0x0000000034750000,0x0000000034850000)]
  0x0000000020933800 JavaThread "Cache worker for Artifact transforms cache (C:\Users\é¹ç¥º\.gradle\caches\transforms-1)" [_thread_blocked, id=8176, stack(0x0000000034650000,0x0000000034750000)]
  0x0000000020932800 JavaThread "Cache worker for file hash cache (C:\Android\workspace\CardShop\.gradle\4.4\fileHashes)" [_thread_blocked, id=10132, stack(0x0000000034550000,0x0000000034650000)]
  0x0000000020932000 JavaThread "Stdin handler" [_thread_blocked, id=964, stack(0x0000000034450000,0x0000000034550000)]
  0x0000000020935000 JavaThread "Asynchronous log dispatcher for DefaultDaemonConnection: socket connection from /127.0.0.1:53292 to /127.0.0.1:59308" [_thread_blocked, id=2980, stack(0x0000000034350000,0x0000000034450000)]
  0x0000000020936800 JavaThread "Daemon worker Thread 4" [_thread_blocked, id=8328, stack(0x0000000034250000,0x0000000034350000)]
  0x0000000020935800 JavaThread "Cancel handler" [_thread_blocked, id=1272, stack(0x0000000034150000,0x0000000034250000)]
  0x0000000020929800 JavaThread "Handler for socket connection from /127.0.0.1:53292 to /127.0.0.1:59308" [_thread_in_native, id=4888, stack(0x0000000034050000,0x0000000034150000)]
  0x0000000020929000 JavaThread "Daemon Thread 4" [_thread_blocked, id=1884, stack(0x0000000033f50000,0x0000000034050000)]
  0x000000002092f000 JavaThread "Java2D Disposer" daemon [_thread_blocked, id=8808, stack(0x0000000027940000,0x0000000027a40000)]
  0x000000001d60d800 JavaThread "Memory manager" [_thread_blocked, id=11232, stack(0x0000000023060000,0x0000000023160000)]
  0x000000001d60b800 JavaThread "pool-1-thread-1" [_thread_blocked, id=9808, stack(0x0000000022d60000,0x0000000022e60000)]
  0x000000001ac23000 JavaThread "File lock request listener" [_thread_in_native, id=13992, stack(0x000000001c0b0000,0x000000001c1b0000)]
  0x000000001ac22000 JavaThread "Cache worker for file hash cache (C:\Users\é¹ç¥º\.gradle\caches\4.4\fileHashes)" [_thread_blocked, id=11952, stack(0x000000001bfb0000,0x000000001c0b0000)]
  0x000000001a8ca000 JavaThread "Daemon periodic checks" [_thread_blocked, id=9612, stack(0x000000001b3b0000,0x000000001b4b0000)]
  0x000000001a8b7000 JavaThread "Incoming local TCP Connector on port 53292" [_thread_in_native, id=5708, stack(0x000000001b200000,0x000000001b300000)]
  0x0000000018c54800 JavaThread "Service Thread" daemon [_thread_blocked, id=8520, stack(0x0000000019630000,0x0000000019730000)]
  0x0000000018bd1000 JavaThread "C1 CompilerThread3" daemon [_thread_blocked, id=3360, stack(0x0000000019530000,0x0000000019630000)]
  0x0000000018bc3000 JavaThread "C2 CompilerThread2" daemon [_thread_in_native, id=9884, stack(0x0000000019430000,0x0000000019530000)]
  0x0000000018bc1000 JavaThread "C2 CompilerThread1" daemon [_thread_in_native, id=11204, stack(0x0000000019330000,0x0000000019430000)]
=>0x0000000018bbf000 JavaThread "C2 CompilerThread0" daemon [_thread_in_native, id=9324, stack(0x0000000019230000,0x0000000019330000)]
  0x0000000018bbd800 JavaThread "Attach Listener" daemon [_thread_blocked, id=9844, stack(0x0000000019130000,0x0000000019230000)]
  0x0000000018b6d000 JavaThread "Signal Dispatcher" daemon [_thread_blocked, id=3612, stack(0x0000000019030000,0x0000000019130000)]
  0x0000000002df9800 JavaThread "Finalizer" daemon [_thread_blocked, id=8756, stack(0x0000000018f30000,0x0000000019030000)]
  0x0000000002df8000 JavaThread "Reference Handler" daemon [_thread_blocked, id=13188, stack(0x0000000018a30000,0x0000000018b30000)]
  0x0000000002e9d800 JavaThread "main" [_thread_blocked, id=6672, stack(0x0000000002880000,0x0000000002980000)]

Other Threads:
  0x0000000016c57000 VMThread [stack: 0x0000000018930000,0x0000000018a30000] [id=8296]
  0x0000000018c55800 WatcherThread [stack: 0x0000000019730000,0x0000000019830000] [id=14996]

VM state:not at safepoint (normal execution)

VM Mutex/Monitor currently owned by a thread: None

Heap:
 PSYoungGen      total 453120K, used 365609K [0x00000000e0000000, 0x0000000100000000, 0x0000000100000000)
  eden space 406528K, 78% used [0x00000000e0000000,0x00000000f37ac120,0x00000000f8d00000)
  from space 46592K, 99% used [0x00000000f8d00000,0x00000000fba5e438,0x00000000fba80000)
  to   space 62976K, 0% used [0x00000000fc280000,0x00000000fc280000,0x0000000100000000)
 ParOldGen       total 186368K, used 43315K [0x00000000a0000000, 0x00000000ab600000, 0x00000000e0000000)
  object space 186368K, 23% used [0x00000000a0000000,0x00000000a2a4cfa0,0x00000000ab600000)
 Metaspace       used 94115K, capacity 98916K, committed 99416K, reserved 1136640K
  class space    used 11822K, capacity 12791K, committed 12928K, reserved 1048576K

Card table byte_map: [0x0000000012260000,0x0000000012570000] byte_map_base: 0x0000000011d60000

Marking Bits: (ParMarkBitMap*) 0x0000000053104970
 Begin Bits: [0x0000000012f70000, 0x0000000014770000)
 End Bits:   [0x0000000014770000, 0x0000000015f70000)

Polling page: 0x0000000000ae0000

CodeCache: size=245760Kb used=62227Kb max_used=62227Kb free=183532Kb
 bounds [0x0000000002ea0000, 0x0000000006bc0000, 0x0000000011ea0000]
 total_blobs=19233 nmethods=18239 adapters=904
 compilation: enabled

Compilation events (10 events):
Event: 3730.113 Thread 0x0000000018bd1000 23669       2       java.util.jar.JarFile$JarFileEntry::<init> (11 bytes)
Event: 3730.114 Thread 0x0000000018bd1000 nmethod 23669 0x0000000006bb1b10 code [0x0000000006bb1c80, 0x0000000006bb1e08]
Event: 3730.178 Thread 0x0000000018bd1000 23670       1       java.util.concurrent.locks.ReentrantReadWriteLock$NonfairSync::writerShouldBlock (2 bytes)
Event: 3730.179 Thread 0x0000000018bd1000 nmethod 23670 0x0000000006bba2d0 code [0x0000000006bba420, 0x0000000006bba530]
Event: 3730.204 Thread 0x0000000018bd1000 23671       2       com.google.common.base.Joiner::toString (24 bytes)
Event: 3730.204 Thread 0x0000000018bd1000 nmethod 23671 0x0000000006bba590 code [0x0000000006bba720, 0x0000000006bba9f8]
Event: 3730.233 Thread 0x0000000018bd1000 23672  s    2       java.io.BufferedOutputStream::write (35 bytes)
Event: 3730.234 Thread 0x0000000018bd1000 nmethod 23672 0x0000000006bbab10 code [0x0000000006bbac80, 0x0000000006bbafe8]
Event: 3730.249 Thread 0x0000000018bd1000 23673       2       java.util.zip.ZipOutputStream::ensureOpen (18 bytes)
Event: 3730.249 Thread 0x0000000018bd1000 nmethod 23673 0x0000000006bbb150 code [0x0000000006bbb2c0, 0x0000000006bbb4c8]

GC Heap History (10 events):
Event: 2257.572 GC heap before
{Heap before GC invocations=21 (full 4):
 PSYoungGen      total 375808K, used 350720K [0x00000000e0000000, 0x00000000f9d80000, 0x0000000100000000)
  eden space 350720K, 100% used [0x00000000e0000000,0x00000000f5680000,0x00000000f5680000)
  from space 25088K, 0% used [0x00000000f8500000,0x00000000f8500000,0x00000000f9d80000)
  to   space 36352K, 0% used [0x00000000f5680000,0x00000000f5680000,0x00000000f7a00000)
 ParOldGen       total 186368K, used 43283K [0x00000000a0000000, 0x00000000ab600000, 0x00000000e0000000)
  object space 186368K, 23% used [0x00000000a0000000,0x00000000a2a44fa0,0x00000000ab600000)
 Metaspace       used 90266K, capacity 93948K, committed 95448K, reserved 1132544K
  class space    used 11550K, capacity 12343K, committed 12800K, reserved 1048576K
Event: 2257.628 GC heap after
Heap after GC invocations=21 (full 4):
 PSYoungGen      total 387072K, used 35143K [0x00000000e0000000, 0x00000000fe700000, 0x0000000100000000)
  eden space 350720K, 0% used [0x00000000e0000000,0x00000000e0000000,0x00000000f5680000)
  from space 36352K, 96% used [0x00000000f5680000,0x00000000f78d1e30,0x00000000f7a00000)
  to   space 40960K, 0% used [0x00000000fbf00000,0x00000000fbf00000,0x00000000fe700000)
 ParOldGen       total 186368K, used 43291K [0x00000000a0000000, 0x00000000ab600000, 0x00000000e0000000)
  object space 186368K, 23% used [0x00000000a0000000,0x00000000a2a46fa0,0x00000000ab600000)
 Metaspace       used 90266K, capacity 93948K, committed 95448K, reserved 1132544K
  class space    used 11550K, capacity 12343K, committed 12800K, reserved 1048576K
}
Event: 3278.881 GC heap before
{Heap before GC invocations=22 (full 4):
 PSYoungGen      total 387072K, used 385863K [0x00000000e0000000, 0x00000000fe700000, 0x0000000100000000)
  eden space 350720K, 100% used [0x00000000e0000000,0x00000000f5680000,0x00000000f5680000)
  from space 36352K, 96% used [0x00000000f5680000,0x00000000f78d1e30,0x00000000f7a00000)
  to   space 40960K, 0% used [0x00000000fbf00000,0x00000000fbf00000,0x00000000fe700000)
 ParOldGen       total 186368K, used 43291K [0x00000000a0000000, 0x00000000ab600000, 0x00000000e0000000)
  object space 186368K, 23% used [0x00000000a0000000,0x00000000a2a46fa0,0x00000000ab600000)
 Metaspace       used 91462K, capacity 95576K, committed 96344K, reserved 1132544K
  class space    used 11647K, capacity 12543K, committed 12928K, reserved 1048576K
Event: 3278.911 GC heap after
Heap after GC invocations=22 (full 4):
 PSYoungGen      total 447488K, used 37793K [0x00000000e0000000, 0x00000000fe680000, 0x0000000100000000)
  eden space 407040K, 0% used [0x00000000e0000000,0x00000000e0000000,0x00000000f8d80000)
  from space 40448K, 93% used [0x00000000fbf00000,0x00000000fe3e85a0,0x00000000fe680000)
  to   space 45568K, 0% used [0x00000000f8d80000,0x00000000f8d80000,0x00000000fba00000)
 ParOldGen       total 186368K, used 43299K [0x00000000a0000000, 0x00000000ab600000, 0x00000000e0000000)
  object space 186368K, 23% used [0x00000000a0000000,0x00000000a2a48fa0,0x00000000ab600000)
 Metaspace       used 91462K, capacity 95576K, committed 96344K, reserved 1132544K
  class space    used 11647K, capacity 12543K, committed 12928K, reserved 1048576K
}
Event: 3723.084 GC heap before
{Heap before GC invocations=23 (full 4):
 PSYoungGen      total 447488K, used 444833K [0x00000000e0000000, 0x00000000fe680000, 0x0000000100000000)
  eden space 407040K, 100% used [0x00000000e0000000,0x00000000f8d80000,0x00000000f8d80000)
  from space 40448K, 93% used [0x00000000fbf00000,0x00000000fe3e85a0,0x00000000fe680000)
  to   space 45568K, 0% used [0x00000000f8d80000,0x00000000f8d80000,0x00000000fba00000)
 ParOldGen       total 186368K, used 43299K [0x00000000a0000000, 0x00000000ab600000, 0x00000000e0000000)
  object space 186368K, 23% used [0x00000000a0000000,0x00000000a2a48fa0,0x00000000ab600000)
 Metaspace       used 92550K, capacity 97314K, committed 97880K, reserved 1134592K
  class space    used 11739K, capacity 12724K, committed 12928K, reserved 1048576K
Event: 3723.138 GC heap after
Heap after GC invocations=23 (full 4):
 PSYoungGen      total 452608K, used 42385K [0x00000000e0000000, 0x0000000100000000, 0x0000000100000000)
  eden space 407040K, 0% used [0x00000000e0000000,0x00000000e0000000,0x00000000f8d80000)
  from space 45568K, 93% used [0x00000000f8d80000,0x00000000fb6e45d0,0x00000000fba00000)
  to   space 51200K, 0% used [0x00000000fce00000,0x00000000fce00000,0x0000000100000000)
 ParOldGen       total 186368K, used 43307K [0x00000000a0000000, 0x00000000ab600000, 0x00000000e0000000)
  object space 186368K, 23% used [0x00000000a0000000,0x00000000a2a4afa0,0x00000000ab600000)
 Metaspace       used 92550K, capacity 97314K, committed 97880K, reserved 1134592K
  class space    used 11739K, capacity 12724K, committed 12928K, reserved 1048576K
}
Event: 3728.350 GC heap before
{Heap before GC invocations=24 (full 4):
 PSYoungGen      total 452608K, used 449425K [0x00000000e0000000, 0x0000000100000000, 0x0000000100000000)
  eden space 407040K, 100% used [0x00000000e0000000,0x00000000f8d80000,0x00000000f8d80000)
  from space 45568K, 93% used [0x00000000f8d80000,0x00000000fb6e45d0,0x00000000fba00000)
  to   space 51200K, 0% used [0x00000000fce00000,0x00000000fce00000,0x0000000100000000)
 ParOldGen       total 186368K, used 43307K [0x00000000a0000000, 0x00000000ab600000, 0x00000000e0000000)
  object space 186368K, 23% used [0x00000000a0000000,0x00000000a2a4afa0,0x00000000ab600000)
 Metaspace       used 93455K, capacity 98186K, committed 98648K, reserved 1134592K
  class space    used 11815K, capacity 12782K, committed 12928K, reserved 1048576K
Event: 3728.396 GC heap after
Heap after GC invocations=24 (full 4):
 PSYoungGen      total 457728K, used 50615K [0x00000000e0000000, 0x0000000100000000, 0x0000000100000000)
  eden space 406528K, 0% used [0x00000000e0000000,0x00000000e0000000,0x00000000f8d00000)
  from space 51200K, 98% used [0x00000000fce00000,0x00000000fff6dd88,0x0000000100000000)
  to   space 58880K, 0% used [0x00000000f8d00000,0x00000000f8d00000,0x00000000fc680000)
 ParOldGen       total 186368K, used 43315K [0x00000000a0000000, 0x00000000ab600000, 0x00000000e0000000)
  object space 186368K, 23% used [0x00000000a0000000,0x00000000a2a4cfa0,0x00000000ab600000)
 Metaspace       used 93455K, capacity 98186K, committed 98648K, reserved 1134592K
  class space    used 11815K, capacity 12782K, committed 12928K, reserved 1048576K
}
Event: 3729.199 GC heap before
{Heap before GC invocations=25 (full 4):
 PSYoungGen      total 457728K, used 457143K [0x00000000e0000000, 0x0000000100000000, 0x0000000100000000)
  eden space 406528K, 100% used [0x00000000e0000000,0x00000000f8d00000,0x00000000f8d00000)
  from space 51200K, 98% used [0x00000000fce00000,0x00000000fff6dd88,0x0000000100000000)
  to   space 58880K, 0% used [0x00000000f8d00000,0x00000000f8d00000,0x00000000fc680000)
 ParOldGen       total 186368K, used 43315K [0x00000000a0000000, 0x00000000ab600000, 0x00000000e0000000)
  object space 186368K, 23% used [0x00000000a0000000,0x00000000a2a4cfa0,0x00000000ab600000)
 Metaspace       used 93882K, capacity 98722K, committed 99160K, reserved 1136640K
  class space    used 11816K, capacity 12782K, committed 12928K, reserved 1048576K
Event: 3729.252 GC heap after
Heap after GC invocations=25 (full 4):
 PSYoungGen      total 453120K, used 46457K [0x00000000e0000000, 0x0000000100000000, 0x0000000100000000)
  eden space 406528K, 0% used [0x00000000e0000000,0x00000000e0000000,0x00000000f8d00000)
  from space 46592K, 99% used [0x00000000f8d00000,0x00000000fba5e438,0x00000000fba80000)
  to   space 62976K, 0% used [0x00000000fc280000,0x00000000fc280000,0x0000000100000000)
 ParOldGen       total 186368K, used 43315K [0x00000000a0000000, 0x00000000ab600000, 0x00000000e0000000)
  object space 186368K, 23% used [0x00000000a0000000,0x00000000a2a4cfa0,0x00000000ab600000)
 Metaspace       used 93882K, capacity 98722K, committed 99160K, reserved 1136640K
  class space    used 11816K, capacity 12782K, committed 12928K, reserved 1048576K
}

Deoptimization events (10 events):
Event: 3729.541 Thread 0x0000000024cbf000 Uncommon trap: reason=array_check action=maybe_recompile pc=0x00000000056ac230 method=java.util.TimSort.mergeHi(IIII)V @ 657
Event: 3729.541 Thread 0x0000000024cbf000 Uncommon trap: reason=array_check action=maybe_recompile pc=0x00000000056ac284 method=java.util.TimSort.mergeHi(IIII)V @ 419
Event: 3729.582 Thread 0x0000000024cc1800 Uncommon trap: reason=unstable_if action=reinterpret pc=0x0000000004f54124 method=com.android.tools.r8.ir.regalloc.LiveIntervals.getSplitCovering(I)Lcom/android/tools/r8/ir/regalloc/LiveIntervals; @ 99
Event: 3729.638 Thread 0x0000000024cc3800 Uncommon trap: reason=unstable_if action=reinterpret pc=0x00000000043531b0 method=java.util.concurrent.ConcurrentHashMap.addCount(JI)V @ 179
Event: 3729.761 Thread 0x000000001a9c2800 Uncommon trap: reason=unstable_if action=reinterpret pc=0x00000000068b0a2c method=java.util.concurrent.FutureTask.awaitDone(ZJ)I @ 70
Event: 3730.098 Thread 0x0000000021710000 Uncommon trap: reason=class_check action=maybe_recompile pc=0x00000000047f5438 method=com.google.common.base.Joiner.toString(Ljava/lang/Object;)Ljava/lang/CharSequence; @ 6
Event: 3730.098 Thread 0x0000000021710000 Uncommon trap: reason=class_check action=maybe_recompile pc=0x00000000047f5438 method=com.google.common.base.Joiner.toString(Ljava/lang/Object;)Ljava/lang/CharSequence; @ 6
Event: 3730.098 Thread 0x0000000021710000 Uncommon trap: reason=class_check action=maybe_recompile pc=0x00000000047f5438 method=com.google.common.base.Joiner.toString(Ljava/lang/Object;)Ljava/lang/CharSequence; @ 6
Event: 3730.098 Thread 0x0000000021710000 Uncommon trap: reason=class_check action=maybe_recompile pc=0x00000000047f5438 method=com.google.common.base.Joiner.toString(Ljava/lang/Object;)Ljava/lang/CharSequence; @ 6
Event: 3730.122 Thread 0x0000000021710000 Uncommon trap: reason=unstable_if action=reinterpret pc=0x000000000484e628 method=java.io.BufferedOutputStream.write(I)V @ 9

Classes redefined (0 events):
No events

Internal exceptions (10 events):
Event: 3730.045 Thread 0x0000000024cca800 Exception <a 'sun/nio/fs/WindowsException'> (0x00000000f3370aa8) thrown at [D:\src\AOSP-openjdk-cygwin\jdk8u\hotspot\src\share\vm\prims\jni.cpp, line 709]
Event: 3730.046 Thread 0x0000000024cbd800 Exception <a 'sun/nio/fs/WindowsException'> (0x00000000f320b0c0) thrown at [D:\src\AOSP-openjdk-cygwin\jdk8u\hotspot\src\share\vm\prims\jni.cpp, line 709]
Event: 3730.047 Thread 0x0000000024cc6800 Exception <a 'sun/nio/fs/WindowsException'> (0x00000000f332b618) thrown at [D:\src\AOSP-openjdk-cygwin\jdk8u\hotspot\src\share\vm\prims\jni.cpp, line 709]
Event: 3730.052 Thread 0x0000000024cbe800 Exception <a 'sun/nio/fs/WindowsException'> (0x00000000f33fcdb8) thrown at [D:\src\AOSP-openjdk-cygwin\jdk8u\hotspot\src\share\vm\prims\jni.cpp, line 709]
Event: 3730.054 Thread 0x0000000024cc2000 Exception <a 'sun/nio/fs/WindowsException'> (0x00000000f3092cb0) thrown at [D:\src\AOSP-openjdk-cygwin\jdk8u\hotspot\src\share\vm\prims\jni.cpp, line 709]
Event: 3730.058 Thread 0x0000000024cc2000 Exception <a 'sun/nio/fs/WindowsException'> (0x00000000f3097d30) thrown at [D:\src\AOSP-openjdk-cygwin\jdk8u\hotspot\src\share\vm\prims\jni.cpp, line 709]
Event: 3730.060 Thread 0x0000000024cc6800 Exception <a 'sun/nio/fs/WindowsException'> (0x00000000f34c2f78) thrown at [D:\src\AOSP-openjdk-cygwin\jdk8u\hotspot\src\share\vm\prims\jni.cpp, line 709]
Event: 3730.062 Thread 0x0000000024cc2000 Exception <a 'sun/nio/fs/WindowsException'> (0x00000000f309cd68) thrown at [D:\src\AOSP-openjdk-cygwin\jdk8u\hotspot\src\share\vm\prims\jni.cpp, line 709]
Event: 3730.070 Thread 0x0000000024cc2000 Exception <a 'sun/nio/fs/WindowsException'> (0x00000000f30a1fa0) thrown at [D:\src\AOSP-openjdk-cygwin\jdk8u\hotspot\src\share\vm\prims\jni.cpp, line 709]
Event: 3730.070 Thread 0x0000000024cc6800 Exception <a 'sun/nio/fs/WindowsException'> (0x00000000f35ce420) thrown at [D:\src\AOSP-openjdk-cygwin\jdk8u\hotspot\src\share\vm\prims\jni.cpp, line 709]

Events (10 events):
Event: 3730.098 Thread 0x0000000021710000 DEOPT PACKING pc=0x00000000047f5438 sp=0x000000003594caf0
Event: 3730.098 Thread 0x0000000021710000 DEOPT UNPACKING pc=0x0000000002ee557b sp=0x000000003594ca88 mode 2
Event: 3730.098 Thread 0x0000000021710000 Uncommon trap: trap_request=0xffffffde fr.pc=0x00000000047f5438
Event: 3730.098 Thread 0x0000000021710000 DEOPT PACKING pc=0x00000000047f5438 sp=0x000000003594caf0
Event: 3730.098 Thread 0x0000000021710000 DEOPT UNPACKING pc=0x0000000002ee557b sp=0x000000003594ca88 mode 2
Event: 3730.120 Thread 0x0000000021710000 Uncommon trap: trap_request=0xffffff65 fr.pc=0x000000000484e628
Event: 3730.121 Executing VM operation: RevokeBias
Event: 3730.122 Executing VM operation: RevokeBias done
Event: 3730.122 Thread 0x0000000021710000 DEOPT PACKING pc=0x000000000484e628 sp=0x000000003594c8b0
Event: 3730.122 Thread 0x0000000021710000 DEOPT UNPACKING pc=0x0000000002ee557b sp=0x000000003594c860 mode 2


Dynamic libraries:
0x00007ff745500000 - 0x00007ff745531000 	C:\Android\Android Studio\jre\bin\java.exe
0x00007ff9e2d40000 - 0x00007ff9e2f21000 	C:\WINDOWS\SYSTEM32\ntdll.dll
0x00007ff9e28a0000 - 0x00007ff9e2952000 	C:\WINDOWS\System32\KERNEL32.DLL
0x00007ff9df260000 - 0x00007ff9df4d3000 	C:\WINDOWS\System32\KERNELBASE.dll
0x00007ff9e1000000 - 0x00007ff9e10a1000 	C:\WINDOWS\System32\ADVAPI32.dll
0x00007ff9e0530000 - 0x00007ff9e05ce000 	C:\WINDOWS\System32\msvcrt.dll
0x00007ff9e08e0000 - 0x00007ff9e093b000 	C:\WINDOWS\System32\sechost.dll
0x00007ff9e07b0000 - 0x00007ff9e08d4000 	C:\WINDOWS\System32\RPCRT4.dll
0x00007ff9e2560000 - 0x00007ff9e26f0000 	C:\WINDOWS\System32\USER32.dll
0x00007ff9df1c0000 - 0x00007ff9df1e0000 	C:\WINDOWS\System32\win32u.dll
0x00007ff9e2810000 - 0x00007ff9e2838000 	C:\WINDOWS\System32\GDI32.dll
0x00007ff9e0030000 - 0x00007ff9e01c2000 	C:\WINDOWS\System32\gdi32full.dll
0x00007ff9dfe30000 - 0x00007ff9dfecf000 	C:\WINDOWS\System32\msvcp_win.dll
0x00007ff9dfed0000 - 0x00007ff9dffca000 	C:\WINDOWS\System32\ucrtbase.dll
0x00007ff9d31f0000 - 0x00007ff9d3459000 	C:\WINDOWS\WinSxS\amd64_microsoft.windows.common-controls_6595b64144ccf1df_6.0.17134.228_none_fb4599993062b194\COMCTL32.dll
0x00007ff9e01d0000 - 0x00007ff9e04f3000 	C:\WINDOWS\System32\combase.dll
0x00007ff9df1e0000 - 0x00007ff9df25a000 	C:\WINDOWS\System32\bcryptPrimitives.dll
0x00007ff9e0500000 - 0x00007ff9e052d000 	C:\WINDOWS\System32\IMM32.DLL
0x0000000052860000 - 0x0000000052932000 	C:\Android\Android Studio\jre\jre\bin\msvcr100.dll
0x0000000052940000 - 0x000000005317f000 	C:\Android\Android Studio\jre\jre\bin\server\jvm.dll
0x00007ff9e0a10000 - 0x00007ff9e0a18000 	C:\WINDOWS\System32\PSAPI.DLL
0x00007ff9da530000 - 0x00007ff9da53a000 	C:\WINDOWS\SYSTEM32\VERSION.dll
0x00007ff9dd290000 - 0x00007ff9dd2b3000 	C:\WINDOWS\SYSTEM32\WINMM.dll
0x00007ff9cefb0000 - 0x00007ff9cefb9000 	C:\WINDOWS\SYSTEM32\WSOCK32.dll
0x00007ff9e26f0000 - 0x00007ff9e275c000 	C:\WINDOWS\System32\WS2_32.dll
0x00007ff9dd170000 - 0x00007ff9dd19a000 	C:\WINDOWS\SYSTEM32\winmmbase.dll
0x00007ff9dfde0000 - 0x00007ff9dfe29000 	C:\WINDOWS\System32\cfgmgr32.dll
0x00007ff9cf870000 - 0x00007ff9cf87f000 	C:\Android\Android Studio\jre\jre\bin\verify.dll
0x00007ff9c8cf0000 - 0x00007ff9c8d19000 	C:\Android\Android Studio\jre\jre\bin\java.dll
0x00007ff9ca390000 - 0x00007ff9ca3a6000 	C:\Android\Android Studio\jre\jre\bin\zip.dll
0x00007ff9e10b0000 - 0x00007ff9e24f0000 	C:\WINDOWS\System32\SHELL32.dll
0x00007ff9e2760000 - 0x00007ff9e2809000 	C:\WINDOWS\System32\shcore.dll
0x00007ff9df4e0000 - 0x00007ff9dfbed000 	C:\WINDOWS\System32\windows.storage.dll
0x00007ff9e2500000 - 0x00007ff9e2551000 	C:\WINDOWS\System32\shlwapi.dll
0x00007ff9df060000 - 0x00007ff9df071000 	C:\WINDOWS\System32\kernel.appcore.dll
0x00007ff9df0d0000 - 0x00007ff9df0ef000 	C:\WINDOWS\System32\profapi.dll
0x00007ff9df080000 - 0x00007ff9df0cc000 	C:\WINDOWS\System32\powrprof.dll
0x00007ff9df050000 - 0x00007ff9df05a000 	C:\WINDOWS\System32\FLTLIB.DLL
0x00007ff9c8cd0000 - 0x00007ff9c8cea000 	C:\Android\Android Studio\jre\jre\bin\net.dll
0x00007ff9de8d0000 - 0x00007ff9de936000 	C:\WINDOWS\system32\mswsock.dll
0x00007ff9c7da0000 - 0x00007ff9c7db1000 	C:\Android\Android Studio\jre\jre\bin\nio.dll
0x00007ff9cfbe0000 - 0x00007ff9cfbfe000 	C:\Users\Åôì÷\.gradle\native\25\windows-amd64\native-platform.dll
0x00007ff9cf860000 - 0x00007ff9cf86d000 	C:\Android\Android Studio\jre\jre\bin\management.dll
0x00007ff9dea90000 - 0x00007ff9deaa7000 	C:\WINDOWS\SYSTEM32\CRYPTSP.dll
0x00007ff9de4b0000 - 0x00007ff9de4e3000 	C:\WINDOWS\system32\rsaenh.dll
0x00007ff9debb0000 - 0x00007ff9debd5000 	C:\WINDOWS\SYSTEM32\bcrypt.dll
0x00007ff9def80000 - 0x00007ff9defa8000 	C:\WINDOWS\SYSTEM32\USERENV.dll
0x00007ff9dea80000 - 0x00007ff9dea8b000 	C:\WINDOWS\SYSTEM32\CRYPTBASE.dll
0x00007ff9de650000 - 0x00007ff9de688000 	C:\WINDOWS\SYSTEM32\IPHLPAPI.DLL
0x00007ff9e0ba0000 - 0x00007ff9e0ba8000 	C:\WINDOWS\System32\NSI.dll
0x00007ff9da180000 - 0x00007ff9da196000 	C:\WINDOWS\SYSTEM32\dhcpcsvc6.DLL
0x00007ff9d9d30000 - 0x00007ff9d9d4a000 	C:\WINDOWS\SYSTEM32\dhcpcsvc.DLL
0x00007ff9de140000 - 0x00007ff9de171000 	C:\WINDOWS\SYSTEM32\ntmarta.dll
0x00007ff9b5c10000 - 0x00007ff9b5da6000 	C:\Android\Android Studio\jre\jre\bin\awt.dll
0x00007ff9e0940000 - 0x00007ff9e0a02000 	C:\WINDOWS\System32\OLEAUT32.dll
0x00007ff9dbc00000 - 0x00007ff9dc1c7000 	C:\WINDOWS\SYSTEM32\d2d1.dll
0x00007ff9dd3b0000 - 0x00007ff9dd43b000 	C:\WINDOWS\SYSTEM32\apphelp.dll
0x00007ff9dd9b0000 - 0x00007ff9dd9d9000 	C:\WINDOWS\system32\DWMAPI.DLL
0x00007ff9dd4e0000 - 0x00007ff9dd578000 	C:\WINDOWS\system32\uxtheme.dll
0x00007ff9db0d0000 - 0x00007ff9db0f4000 	C:\Android\Android Studio\jre\jre\bin\sunec.dll
0x00007ff9d36b0000 - 0x00007ff9d37c4000 	C:\WINDOWS\SysWOW64\ierd_tgp_lsp64.dll
0x00007ff9e0630000 - 0x00007ff9e0781000 	C:\WINDOWS\System32\ole32.dll
0x00007ff9de690000 - 0x00007ff9de74e000 	C:\WINDOWS\SYSTEM32\DNSAPI.dll
0x00007ff9d9730000 - 0x00007ff9d973a000 	C:\Windows\System32\rasadhlp.dll
0x00007ff9d7370000 - 0x00007ff9d73e2000 	C:\WINDOWS\System32\fwpuclnt.dll
0x00007ff9dac70000 - 0x00007ff9dac7b000 	C:\Android\Android Studio\jre\jre\bin\sunmscapi.dll
0x00007ff9dfbf0000 - 0x00007ff9dfdd2000 	C:\WINDOWS\System32\CRYPT32.dll
0x00007ff9df0f0000 - 0x00007ff9df102000 	C:\WINDOWS\System32\MSASN1.dll

VM Arguments:
jvm_args: -Xmx1536m -Dfile.encoding=GBK -Duser.country=CN -Duser.language=zh -Duser.variant 
java_command: org.gradle.launcher.daemon.bootstrap.GradleDaemon 4.4
java_class_path (initial): C:\Android\Android Studio\gradle\gradle-4.4\lib\gradle-launcher-4.4.jar
Launcher Type: SUN_STANDARD

Environment Variables:
JAVA_HOME=C:\Program Files\Java\jdk1.8.0_20
CLASSPATH=.;C:\Program Files\Java\jdk1.8.0_20\lib\dt.jar;C:\Program Files\Java\jdk1.8.0_20\lib\tools.jar;
PATH=C:\Program Files (x86)\Common Files\Oracle\Java\javapath;C:\ProgramData\Oracle\Java\javapath;C:\WINDOWS\system32;C:\WINDOWS;C:\WINDOWS\System32\Wbem;C:\WINDOWS\System32\WindowsPowerShell\v1.0\;C:\Program Files\Java\jdk1.8.0_20\bin;C:\Program Files\Java\jdk1.8.0_20\jre\bin;C:\Program Files\Git\cmd;C:\WINDOWS\System32\OpenSSH\;C:\Program Files (x86)\NVIDIA Corporation\PhysX\Common;C:\Users\Åôì÷\AppData\Local\Microsoft\WindowsApps;
USERNAME=Åôì÷
OS=Windows_NT
PROCESSOR_IDENTIFIER=Intel64 Family 6 Model 60 Stepping 3, GenuineIntel



---------------  S Y S T E M  ---------------

OS: Windows 10.0 , 64 bit Build 17134 (10.0.17134.1)

CPU:total 8 (initial active 8) (4 cores per cpu, 2 threads per core) family 6 model 60 stepping 3, cmov, cx8, fxsr, mmx, sse, sse2, sse3, ssse3, sse4.1, sse4.2, popcnt, avx, avx2, aes, clmul, erms, lzcnt, ht, tsc, tscinvbit, bmi1, bmi2

Memory: 4k page, physical 8312856k(1044372k free), swap 10410008k(4184k free)

vm_info: OpenJDK 64-Bit Server VM (25.152-b02) for windows-amd64 JRE (1.8.0_152-release-1024-b02), built by "builder" with MS VC++ 10.0 (VS2010)

time: Fri Sep 07 16:21:30 2018
elapsed time: 3730 seconds (0d 1h 2m 10s)

